                      :-) GROMACS - gmx mdrun, 2024.1 (-:

Executable:   /usr/WS1/mummiusr/mummi-spack-temp/spack/0.21/opt/spack/__spack_path_placeholder__/__spack_path_placeholder__/__spack_path_placeholder__/__spack_path_placeholder__/__spack_path_placeholder__/__spack_path_placeholder__/__spack_path_placeholder__/__spack_pat/linux-rhel7-power9le/gcc-9.3.1/gromacs-2024.1.gpu-yjyukptiakg2s7fu4znqvjqzmhy3qont/bin/gmx
Data prefix:  /usr/WS1/mummiusr/mummi-spack-temp/spack/0.21/opt/spack/__spack_path_placeholder__/__spack_path_placeholder__/__spack_path_placeholder__/__spack_path_placeholder__/__spack_path_placeholder__/__spack_path_placeholder__/__spack_path_placeholder__/__spack_pat/linux-rhel7-power9le/gcc-9.3.1/gromacs-2024.1.gpu-yjyukptiakg2s7fu4znqvjqzmhy3qont
Working dir:  /p/vast1/helgi/ADMIRRAL/mini-mummi/pre-campaign/init_tf50_r1_10810ns
Command line:
  gmx mdrun -cpi -nb gpu -ntmpi 1 -ntomp 10 -pin off -maxh 12

Reading file topol.tpr, VERSION 2024.1 (single precision)
Can not increase nstlist because verlet-buffer-tolerance is not set or used
Update groups can not be used for this system because an incompatible virtual site type is used

1 GPU selected for this run.
Mapping of GPU IDs to the 1 GPU task in the 1 rank on this node:
  PP:0
PP tasks will do (non-perturbed) short-ranged interactions on the GPU
PP task will update and constrain coordinates on the CPU
Using 1 MPI thread
Using 10 OpenMP threads 

starting mdrun 'lipids-sim'
-1 steps, infinite ps.

Step 71665660: Run time exceeded 11.880 hours, will terminate the run within 40 steps

NOTE: 15 % of the run time was spent in pair search,
      you might want to increase nstlist (this has no effect on accuracy)

               Core t (s)   Wall t (s)        (%)
       Time:   427680.771    42768.078     1000.0
                         11h52:48
                 (ns/day)    (hour/ns)
Performance:     2895.578        0.008

GROMACS reminds you: "Got Coffee, Got Donuts, Got Wasted" (F. Black)

                      :-) GROMACS - gmx mdrun, 2024.1 (-:

Executable:   /usr/WS1/mummiusr/mummi-spack-temp/spack/0.21/opt/spack/__spack_path_placeholder__/__spack_path_placeholder__/__spack_path_placeholder__/__spack_path_placeholder__/__spack_path_placeholder__/__spack_path_placeholder__/__spack_path_placeholder__/__spack_pat/linux-rhel7-power9le/gcc-9.3.1/gromacs-2024.1.gpu-yjyukptiakg2s7fu4znqvjqzmhy3qont/bin/gmx
Data prefix:  /usr/WS1/mummiusr/mummi-spack-temp/spack/0.21/opt/spack/__spack_path_placeholder__/__spack_path_placeholder__/__spack_path_placeholder__/__spack_path_placeholder__/__spack_path_placeholder__/__spack_path_placeholder__/__spack_path_placeholder__/__spack_pat/linux-rhel7-power9le/gcc-9.3.1/gromacs-2024.1.gpu-yjyukptiakg2s7fu4znqvjqzmhy3qont
Working dir:  /p/vast1/helgi/ADMIRRAL/mini-mummi/pre-campaign/init_tf50_r1_10810ns
Command line:
  gmx mdrun -cpi -nb gpu -ntmpi 1 -ntomp 10 -pin off -maxh 12

Reading file topol.tpr, VERSION 2024.1 (single precision)
Can not increase nstlist because verlet-buffer-tolerance is not set or used
Update groups can not be used for this system because an incompatible virtual site type is used

1 GPU selected for this run.
Mapping of GPU IDs to the 1 GPU task in the 1 rank on this node:
  PP:0
PP tasks will do (non-perturbed) short-ranged interactions on the GPU
PP task will update and constrain coordinates on the CPU
Using 1 MPI thread
Using 10 OpenMP threads 

starting mdrun 'lipids-sim'
71665679 steps, infinite ps (continuing from step 71665680, 1433313.6 ps).

Step 92017140, time 1.84034e+06 (ps)  LINCS WARNING
relative constraint deviation after LINCS:
rms 57.809383, max 2235.181152 (between atoms 49 and 51)
bonds that rotated more than 90 degrees:
 atom 1 atom 2  angle  previous, current, constraint length
     45     47  131.2    0.3100   0.4708      0.3100
     47     49   99.0    0.3100   1.9774      0.3100
     49     51  112.1    0.3300 737.9398      0.3300
     47     48  109.5    0.3410   0.4273      0.3410
     76     77  102.7    0.3050   1.3845      0.3050
    128    129   95.3    0.2700   2.9159      0.2700
    179    180  114.9    0.2920   0.6948      0.2920
    514    517   90.5    0.3100   0.5040      0.3100
    517    519  106.4    0.3100   0.6152      0.3100
    517    518   97.9    0.2700   0.5159      0.2700
Wrote pdb files with previous and current coordinates

Step 92017141 Pressure scaling more than 1%. This may mean your system is not yet equilibrated. Use of Parrinello-Rahman pressure coupling during equilibration can lead to simulation instability, and is discouraged.

Step 92017141, time 1.84034e+06 (ps)  LINCS WARNING
relative constraint deviation after LINCS:
rms 5000689.500000, max 193164336.000000 (between atoms 49 and 51)
bonds that rotated more than 90 degrees:
 atom 1 atom 2  angle  previous, current, constraint length
    433    436  112.4    0.3300 916.9585      0.3300
    434    437   91.9    0.3300 337.3021      0.3300
    435    438  106.1    0.2890 373.3852      0.2890
    444    445   91.2    0.4600  86.6331      0.4600
    444    447  112.2    0.3950  96.5269      0.3950
     29     30   95.3    0.3315 15889.7090      0.3300
     30     33  117.6    0.3112 9799.5049      0.3100
     33     35  103.1    0.3108 35604.8438      0.3100
     35     37   95.1    0.3107 6220.4009      0.3100
     47     49  150.0    1.9774 193080.1562      0.3100
     49     51  160.6  737.9398 63744228.0000      0.3300
    144    146  101.1    0.3300 605.4032      0.3300
    155    160   95.7    0.3100 488.7206      0.3100
    162    165   99.3    0.3100 322.3720      0.3100
    191    193   91.4    0.3300 255.6395      0.3300
    200    204  105.1    0.3100 397.7961      0.3100
    208    210   90.1    0.3100 135.8289      0.3100
    223    226   98.7    0.3100 606.1146      0.3100
    226    228   95.1    0.3100 505.3141      0.3100
    228    230  103.4    0.3100 454.1048      0.3100
    230    232  111.9    0.3100 281.6663      0.3100
    232    235  102.8    0.3100 410.7414      0.3100
    235    238   90.0    0.3100 306.7991      0.3100
    238    240   90.3    0.3100 243.9894      0.3100
    290    293  106.2    0.3100 760.1970      0.3100
    295    297   92.8    0.3100 929.9831      0.3100
    308    310   92.9    0.3100 883.6948      0.3100
    351    353  104.3    0.3100 650.0579      0.3100
    353    357   96.3    0.3100 738.9541      0.3100
    357    362  109.9    0.3100 507.3393      0.3100
    362    364  108.5    0.3100 348.0654      0.3100
    366    368   92.1    0.3100 1182.6322      0.3100
    371    373  109.3    0.3100 339.8504      0.3100
    373    375  101.2    0.3100 127.9196      0.3100
    378    381  108.9    0.3100 312.5023      0.3100
      6      7   95.1    0.3000 933.5912      0.3000
      6      8   96.1    0.3000 787.3630      0.3000
      7      9   94.5    0.2850 321.6878      0.2850
      8      9   99.3    0.2850 490.6216      0.2850
     15     16   96.2    0.2920 841.0405      0.2920
     17     18  104.5    0.2920 344.3814      0.2920
     35     36  114.8    0.2710 10845.1885      0.2700
     39     40   90.8    0.3050 662.4360      0.3050
     47     48  117.9    0.4273 1889523.1250      0.3410
     54     56   93.5    0.3000 260.9565      0.3000
     58     59  112.6    0.3400 421.5963      0.3400
     58     60  108.2    0.3400 2048.3691      0.3400
     61     62   97.1    0.2920 381.2205      0.2920
     68     69  112.2    0.3000 845.6345      0.3000
     70     71  113.5    0.2850 817.4781      0.2850
     76     77  159.0    1.3845 202065.2969      0.3050
     78     79   95.9    0.3410 149.1652      0.3410
     87     88  107.2    0.3000 760.5089      0.3000
     88     89   90.4    0.3000 875.4076      0.3000
     89     90   98.0    0.2850 1253.3154      0.2850
     99    100   90.7    0.2920 801.0541      0.2920
    101    102  112.9    0.2920 115.3485      0.2920
    110    111  109.7    0.3050 764.2866      0.3050
    120    121  106.7    0.3410 1402.1385      0.3410
    126    127   93.4    0.3050 15331.9629      0.3050
    128    129  162.0    2.9159 272028.0625      0.2700
    138    140   92.2    0.3000 239.9814      0.3000
    140    141   99.3    0.2850 1652.7360      0.2850
    156    157  106.7    0.3000 1022.6699      0.3000
    157    158  111.4    0.3000 1420.9854      0.3000
    157    159   92.8    0.2850 2092.1707      0.2850
    165    166   91.4    0.3050 309.0084      0.3050
    172    174  109.7    0.3400 806.9691      0.3400
    173    174  110.1    0.2900 1667.1296      0.2900
    179    180  169.9    0.6948 64058.3906      0.2920
    182    183   91.1    0.3400 557.1516      0.3400
    183    184  112.6    0.2900 1147.3097      0.2900
    187    188  102.0    0.3410   1.6466      0.3410
    193    194   94.0    0.3050 971.0350      0.3050
    202    203  113.6    0.2900 690.5667      0.2900
    208    209  108.6    0.3410 537.0908      0.3410
    211    213  111.9    0.3000 229.5809      0.3000
    212    213   95.6    0.2700 830.6326      0.2700
    215    216  100.5    0.3200 393.9001      0.3200
    216    217  100.9    0.2700 913.3038      0.2700
    219    220   97.9    0.3000 365.0462      0.3000
    219    221   94.4    0.3000 1269.4208      0.3000
    220    222   95.2    0.2850 1083.6259      0.2850
    221    222  105.0    0.2850 570.7676      0.2850
    230    231  100.7    0.3410 677.8217      0.3410
    238    239  106.9    0.2920 781.4530      0.2920
    284    285  109.0    0.2920 1472.2246      0.2920
    311    312  105.7    0.3000 1187.5879      0.3000
    313    314  103.3    0.2850 649.7050      0.2850
    321    322  109.9    0.3400 606.2363      0.3400
    321    323  101.8    0.3400 727.0290      0.3400
    324    325  102.0    0.3410 1445.0665      0.3410
    345    346  107.6    0.2920 489.9758      0.2920
    351    352   91.4    0.2700 556.2675      0.2700
    354    355  104.4    0.3400 243.6382      0.3400
    359    361   94.5    0.2850 3536.5420      0.2850
    360    361  100.2    0.2850 2968.5088      0.2850
    362    363  105.7    0.3050 801.1954      0.3050
    373    374   91.2    0.3410 672.0430      0.3410
    382    383  108.1    0.3200 429.2564      0.3200
    502    505   93.0    0.3100 277.1794      0.3100
    511    514  128.9    0.3584 18343.6523      0.3100
    514    517  146.3    0.5040 50053.8633      0.3100
    517    519  155.5    0.6152 52018.9648      0.3100
    519    521  155.7    0.3968 31144.1113      0.3100
    521    523  100.6    0.3159 6683.1709      0.3100
    531    533  105.0    0.3300 651.3010      0.3300
    533    535   95.4    0.3100 466.2567      0.3100
    589    595   91.9    0.3100 258.6005      0.3100
    595    597  113.7    0.3300 440.3805      0.3300
    725    729  104.5    0.3300 769.1520      0.3300
    729    731   99.1    0.3100 107.1108      0.3100
    731    734   96.0    0.3100 389.1955      0.3100
    453    454   99.1    0.3410 867.5624      0.3410
    460    461  104.7    0.2920 611.3456      0.2920
    464    465   99.7    0.2900 221.1813      0.2900
    484    485  112.1    0.2920 229.8769      0.2920
    488    489   90.9    0.2700 614.3558      0.2700
    517    518  135.3    0.5159 52067.4141      0.2700
    541    542   93.4    0.2700 1411.7897      0.2700
    546    548   91.0    0.3000 629.0021      0.3000
    574    575  116.2    0.3350 442.4998      0.3350
    574    577   99.1    0.4040 275.7948      0.4040
    575    577   97.0    0.4700 216.5847      0.4700
    575    578   93.3    0.4120 1026.4631      0.4120
    577    578  115.2    0.2930 1235.0779      0.2930
    581    582  108.4    0.3050 1879.8020      0.3050
    591    593   95.4    0.4700 725.5475      0.4700
    591    594  108.0    0.4120 836.0067      0.4120
    593    594   92.2    0.2930 128.3206      0.2930
    597    598  107.7    0.3050 445.0493      0.3050
    610    611  104.7    0.2920 625.8029      0.2920
    614    615  115.5    0.2920 626.7975      0.2920
    622    623  106.7    0.2920 724.4964      0.2920
    628    629  104.4    0.3050 498.5842      0.3050
    633    634  110.7    0.3200 977.1519      0.3200
    633    635   99.0    0.3000 667.2198      0.3000
    634    635   91.7    0.2700 691.7117      0.2700
    639    640  101.9    0.3400 384.8613      0.3400
    639    641   97.8    0.3400 575.2576      0.3400
    640    641  114.4    0.2900 987.5756      0.2900
    650    651  100.1    0.3050 1038.1223      0.3050
    653    655   91.4    0.3400 275.5729      0.3400
    657    658  101.4    0.3400 1253.5648      0.3400
    657    659  104.4    0.3400 652.7782      0.3400
    658    659   90.9    0.2900 582.4811      0.2900
    660    661  111.3    0.3050 175.0409      0.3050
    667    669  101.3    0.3400 850.8976      0.3400
    668    669  113.3    0.2900 1753.6526      0.2900
    675    676   93.3    0.3400 889.7087      0.3400
    676    677  106.9    0.2900 371.4553      0.2900
    698    700   97.1    0.3400 760.4885      0.3400
    699    700   92.4    0.2900 978.3231      0.2900
    708    709  108.4    0.3050 1165.7161      0.3050
    714    716   92.4    0.3000 1191.1812      0.3000
    722    723  104.0    0.3400 645.9150      0.3400
    722    724  109.7    0.3400 1389.3143      0.3400
    723    724   96.1    0.2900 842.1542      0.2900
    723    724   96.1    0.2900 842.1542      0.2900
    723    724   96.1    0.2900 842.1542      0.2900
    723    724   96.1    0.2900 842.1542      0.2900
    726    727  103.7    0.3200  67.2350      0.3200
    726    728   96.8    0.3000 209.3937      0.3000
    738    739   91.9    0.3050 184.9583      0.3050
    752    753  102.3    0.2920 1419.6041      0.2920
    757    759   96.2    0.3000 403.5151      0.3000
   6189   6184  112.7    0.7501 543.7139      0.7501
   6189   6183  108.4    0.7850 798.2323      0.7850
   6198   6193  105.9    0.7501 166.0449      0.7501
   6198   6192  115.5    0.7850 213.4721      0.7850
   6207   6202  111.0    0.7501  87.7136      0.7501
   6207   6201  102.7    0.7850  77.4652      0.7850
   6216   6211   90.3    0.7501 533.5941      0.7501
   6211   6210   93.9    0.3480 570.3594      0.3480
   6225   6219   95.1    0.7850 275.5963      0.7850
   6220   6219   93.5    0.3480 441.1753      0.3480
   6234   6229   99.3    0.7501 145.7458      0.7501
   6234   6228  101.2    0.7850 176.7849      0.7850
   6243   6238   91.9    0.7501 314.6311      0.7501
   6252   6247   91.0    0.7501 168.5020      0.7501
   6247   6246   92.8    0.3480 150.0682      0.3480
   6261   6256  107.9    0.7501 136.1484      0.7501
   6261   6255   97.4    0.7850 293.7349      0.7850
   6270   6264  101.3    0.7850 413.8637      0.7850
   6265   6264  103.8    0.3480 257.5227      0.3480
   6279   6274  105.6    0.7501 431.2335      0.7501
   6279   6273   94.1    0.7850 516.5419      0.7850
   6288   6283  108.7    0.7501 349.5767      0.7501
   6288   6282  110.8    0.7850 429.0513      0.7850
   6297   6291  117.3    0.7850  80.5043      0.7850
   6306   6301  103.2    0.7501 448.7034      0.7501
   6306   6300   99.8    0.7850 370.9189      0.7850
   6301   6300   92.0    0.3480  53.4499      0.3480
   6315   6309   90.1    0.7850 421.2643      0.7850
   6310   6309   91.6    0.3480 348.2743      0.3480
   6324   6318  112.0    0.7850 210.3796      0.7850
   6333   6328  100.2    0.7501 310.3573      0.7501
   6328   6327   90.1    0.3480 552.5706      0.3480
   6342   6337   91.9    0.7501  94.9096      0.7501
   6342   6336  108.4    0.7850 134.8898      0.7850
   6360   6355  116.2    0.7501 182.7321      0.7501
   6360   6354  111.4    0.7850 184.0601      0.7850
   6369   6364   90.3    0.7501 451.7451      0.7501
   6369   6363   92.1    0.7850 146.0909      0.7850
   6378   6372  110.6    0.7850 926.0767      0.7850
   6387   6382   99.9    0.7501 410.6917      0.7501
   6387   6381   94.4    0.7850 476.0061      0.7850
   6396   6390   94.8    0.7850 304.7917      0.7850
   6391   6390   90.9    0.3480 448.7365      0.3480
   6405   6400   94.5    0.7501 397.5873      0.7501
   6405   6399  110.7    0.7850 472.4267      0.7850
   6409   6408   94.8    0.3480 205.2981      0.3480
   6423   6418   90.7    0.7501 346.5688      0.7501
   6418   6417   95.8    0.3480 354.9767      0.3480
   6432   6427   94.4    0.7501  63.8456      0.7501
   6427   6426   96.4    0.3480 130.8481      0.3480
   6450   6445  104.9    0.7501 468.3368      0.7501
   6459   6454   99.8    0.7501 197.1725      0.7501
   6454   6453   92.3    0.3480 365.7173      0.3480
   6477   6472  102.6    0.7501 634.5558      0.7501
   6477   6471  113.6    0.7850 1225.4634      0.7850
   6486   6481   92.7    0.7501 179.5692      0.7501
   6486   6480   93.2    0.7850 612.7047      0.7850
   6495   6490   97.5    0.7501  85.7097      0.7501
   6495   6489   90.3    0.7850 292.6113      0.7850
   6504   6499  109.1    0.7501 463.7893      0.7501
   6504   6498  110.0    0.7850 635.1981      0.7850
   6508   6507   99.8    0.3480 229.3445      0.3480
   6522   6517   96.1    0.7501 330.5204      0.7501
   6522   6516   92.7    0.7850 109.2196      0.7850
   6526   6525   94.8    0.3480 508.6256      0.3480
   6540   6535   91.4    0.7501  75.3696      0.7501
   6540   6534   93.2    0.7850  86.6428      0.7850
   6535   6534   92.8    0.3480 153.3704      0.3480
   6549   6544   99.5    0.7501 310.6385      0.7501
   6558   6553  112.8    0.7501 273.0688      0.7501
   6553   6552  102.1    0.3480 573.1305      0.3480
   6567   6562  106.4    0.7501 721.6443      0.7501
   6567   6561  112.2    0.7850 739.2913      0.7850
   6562   6561   99.9    0.3480 124.0585      0.3480
   6576   6570  113.3    0.7850 153.1741      0.7850
   6585   6580  103.6    0.7501 402.6465      0.7501
   6603   6598  113.9    0.7501 814.2537      0.7501
   6603   6597  109.4    0.7850 1025.5646      0.7850
   6612   6607  121.5    0.7501  10.5625      0.7501
   6612   6606  105.0    0.7850 189.2513      0.7850
   6607   6606   94.6    0.3480 222.1238      0.3480
   6621   6616  105.8    0.7501 513.4493      0.7501
   6630   6625  112.1    0.7501 406.9199      0.7501
   6630   6624  113.8    0.7850 647.3256      0.7850
   6625   6624   93.4    0.3480 324.9462      0.3480
   6639   6634   92.0    0.7501 465.5282      0.7501
   6639   6633  111.1    0.7850 219.1956      0.7850
   6648   6643   92.7    0.7501 107.4024      0.7501
   6657   6651   91.0    0.7850 385.4477      0.7850
   6666   6660  106.0    0.7850 384.6086      0.7850
   6661   6660   92.8    0.3480 510.4687      0.3480
   6675   6669  108.7    0.7850  95.3911      0.7850
   6684   6679  111.2    0.7501 165.1021      0.7501
   6684   6678   98.0    0.7850   5.6333      0.7850
   6693   6687   90.7    0.7850 689.9222      0.7850
   6702   6696  107.2    0.7850 279.4622      0.7850
   6711   6705   98.0    0.7850 479.3411      0.7850
   6706   6705   95.3    0.3480 520.6457      0.3480
   6720   6715  103.5    0.7501 423.2250      0.7501
   6729   6724  105.5    0.7501 139.5003      0.7501
   6729   6723  115.7    0.7850 260.8442      0.7850
   6738   6733  110.1    0.7501 120.3285      0.7501
   6742   6741   95.9    0.3480 721.4004      0.3480
   6751   6750   92.4    0.3480 454.2357      0.3480
   6765   6759   98.2    0.7850  65.5290      0.7850
   6760   6759   97.3    0.3480 161.3452      0.3480
   6769   6768   91.6    0.3480 181.6118      0.3480
   6783   6778   91.1    0.7501 955.1083      0.7501
   6778   6777   99.7    0.3480 926.9611      0.3480
   6787   6786  106.2    0.3480 331.4115      0.3480
   6796   6795   97.2    0.3480   2.7798      0.3480
   6810   6805  105.8    0.7501 943.6877      0.7501
   6805   6804   90.2    0.3480 871.2074      0.3480
   6819   6813   94.1    0.7850 585.9688      0.7850
   6814   6813   97.6    0.3480 521.1561      0.3480
   6823   6822   96.3    0.3480 199.7961      0.3480
   6837   6831   97.2    0.7850 359.7648      0.7850
   6832   6831   91.5    0.3480 242.4104      0.3480
   6846   6840   96.2    0.7850 224.5343      0.7850
   6841   6840  101.4    0.3480 435.7191      0.3480
   6855   6850   97.2    0.7501 356.6748      0.7501
   6855   6849   97.3    0.7850 190.1018      0.7850
   6850   6849   90.3    0.3480 142.2763      0.3480
   6859   6858   93.4    0.3480 224.6200      0.3480
   6873   6868   97.7    0.7501 419.7576      0.7501
   6873   6867  112.6    0.7850 614.0779      0.7850
   6882   6877  111.6    0.7501 526.5424      0.7501
   6877   6876   95.4    0.3480 491.1630      0.3480
   6900   6894  105.9    0.7850 418.5187      0.7850
   6909   6904  109.8    0.7501 327.4300      0.7501
   6909   6903   99.7    0.7850 115.2800      0.7850
   6918   6913  101.8    0.7501 436.3380      0.7501
   6918   6912  113.1    0.7850 428.8081      0.7850
   6913   6912   91.9    0.3480 176.4374      0.3480
   6927   6921   96.8    0.7850 142.4078      0.7850
   6945   6939   97.6    0.7850 213.4846      0.7850
   6940   6939   99.0    0.3480 261.7950      0.3480
   6963   6958  100.6    0.7501 566.8025      0.7501
   6963   6957   95.0    0.7850 485.6981      0.7850
   6958   6957  104.9    0.3480  61.7807      0.3480
   6972   6967   91.2    0.7501 352.0708      0.7501
   6976   6975   98.3    0.3480 402.9325      0.3480
   6990   6985   90.7    0.7501 113.1784      0.7501
   6999   6994   92.4    0.7501 250.7781      0.7501
   6994   6993   95.1    0.3480 364.9103      0.3480
   7008   7003   93.9    0.7501 160.7517      0.7501
   7008   7002   91.7    0.7850 276.7831      0.7850
   7012   7011  105.9    0.3480 134.9043      0.3480
   7021   7020   94.4    0.3480 161.5260      0.3480
   7030   7029  101.7    0.3480 445.5955      0.3480
   7044   7038   94.5    0.7850 108.3997      0.7850
   7053   7047   90.5    0.7850 218.4987      0.7850
   7048   7047   97.5    0.3480  66.6425      0.3480
   7062   7057   90.2    0.7501 576.0762      0.7501
   7057   7056   96.2    0.3480 615.6371      0.3480
   7071   7065  106.8    0.7850 573.9066      0.7850
   7089   7083  107.4    0.7850  98.4347      0.7850
   7084   7083   95.1    0.3480  97.8456      0.3480
   7098   7092  102.7    0.7850 238.2973      0.7850
   7102   7101  104.7    0.3480  78.4423      0.3480
   7111   7110  102.7    0.3480 137.8160      0.3480
   7125   7120   97.9    0.7501 238.2497      0.7501
   7120   7119   98.0    0.3480 199.6154      0.3480
   7143   7138   93.1    0.7501 184.9176      0.7501
   7138   7137   95.2    0.3480 215.2226      0.3480
   7152   7146   92.2    0.7850 238.5917      0.7850
   7147   7146  103.9    0.3480 238.6005      0.3480
   7161   7156  110.8    0.7501 264.3125      0.7501
   7156   7155   96.9    0.3480 589.9584      0.3480
   7165   7164   99.2    0.3480  30.3304      0.3480
   7174   7173  100.8    0.3480 200.1318      0.3480
   7188   7183   99.6    0.7501 411.4350      0.7501
   7188   7182  100.9    0.7850 324.3340      0.7850
   7197   7192   93.0    0.7501 442.7285      0.7501
   7206   7201   94.9    0.7501 100.7956      0.7501
   7206   7200   99.4    0.7850 263.7461      0.7850
   7201   7200   92.9    0.3480 138.7814      0.3480
   7215   7209   97.8    0.7850 478.3804      0.7850
   7210   7209   91.0    0.3480 642.7317      0.3480
   7219   7218  105.2    0.3480 572.1828      0.3480
   7233   7228  108.7    0.7501 733.2033      0.7501
   7233   7227  101.9    0.7850 780.4526      0.7850
   7242   7237   91.0    0.7501 199.8784      0.7501
   7237   7236  136.6    0.3480  11.8798      0.3480
   7251   7245  108.1    0.7850 475.8033      0.7850
   7246   7245   90.3    0.3480 390.8888      0.3480
   7260   7255   92.2    0.7501 447.3903      0.7501
   7255   7254   90.7    0.3480 591.7826      0.3480
   7269   7264   94.5    0.7501 179.6232      0.7501
   7264   7263   93.6    0.3480 595.1180      0.3480
   7278   7273   91.7    0.7501 238.0704      0.7501
   7273   7272   96.7    0.3480 217.3842      0.3480
   7287   7281   98.5    0.7850 555.1910      0.7850
   7282   7281   98.4    0.3480 446.3682      0.3480
   7296   7291   98.2    0.7501 544.2841      0.7501
   7291   7290   91.4    0.3480 592.8635      0.3480
   7314   7309   95.8    0.7501 452.7786      0.7501
   7309   7308   93.3    0.3480 376.6633      0.3480
   7323   7317  103.0    0.7850 118.6240      0.7850
   7318   7317   90.5    0.3480 372.9489      0.3480
   7332   7326   90.8    0.7850 141.2069      0.7850
   7327   7326  101.1    0.3480  52.1914      0.3480
   7341   7336  111.3    0.7501 526.1835      0.7501
   7341   7335  108.1    0.7850 893.5717      0.7850
   7350   7344   91.3    0.7850 212.1043      0.7850
   7345   7344   95.2    0.3480 277.8959      0.3480
   7359   7353   96.1    0.7850 402.2599      0.7850
   7354   7353   96.0    0.3480 232.9810      0.3480
   7368   7363  104.0    0.7501  29.8601      0.7501
   7368   7362  106.8    0.7850 217.6487      0.7850
   7372   7371   97.4    0.3480 320.0751      0.3480
   7395   7389  118.2    0.7850  94.1212      0.7850
   7404   7399   90.0    0.7501 208.3360      0.7501
   7404   7398  111.0    0.7850 282.2554      0.7850
   7408   7407  102.5    0.3480 461.1274      0.3480
   7422   7417  105.5    0.7501 189.0977      0.7501
   7422   7416  111.3    0.7850 237.9575      0.7850
   7431   7426  108.4    0.7501 426.5072      0.7501
   7449   7444   93.8    0.7501  42.7230      0.7501
   7444   7443  102.5    0.3480  56.0063      0.3480
   7458   7453  108.7    0.7501 503.2265      0.7501
   7458   7452  104.7    0.7850 356.8561      0.7850
   7467   7461   90.6    0.7850 587.7856      0.7850
   7476   7470   98.2    0.7850 125.7339      0.7850
   7471   7470   91.8    0.3480 316.8934      0.3480
   7485   7480  112.9    0.7501 590.4555      0.7501
   7485   7479  105.4    0.7850 676.1594      0.7850
   7494   7489   91.3    0.7501 166.2554      0.7501
   7489   7488   93.5    0.3480  82.9322      0.3480
   7489   7488   93.5    0.3480  82.9322      0.3480
   7489   7488   93.5    0.3480  82.9322      0.3480
   7503   7497  101.7    0.7850 134.5424      0.7850
   7498   7497   95.1    0.3480 211.8127      0.3480
   7512   7507   90.7    0.7501  95.8804      0.7501
   7512   7506   94.4    0.7850  10.3109      0.7850
   7507   7506   93.7    0.3480  69.5654      0.3480
   7521   7516  111.9    0.7501 726.9406      0.7501
   7521   7515   90.7    0.7850 361.3524      0.7850
   7516   7515   92.1    0.3480 511.6830      0.3480
   7530   7525  104.3    0.7501 200.6870      0.7501
   7539   7533   95.1    0.7850 238.1475      0.7850
   7534   7533   93.4    0.3480 142.2896      0.3480
   7548   7542   90.2    0.7850 592.7719      0.7850
   7543   7542   91.2    0.3480 862.3449      0.3480
   7552   7551  106.0    0.3480 530.6649      0.3480
   7566   7560  103.9    0.7850 162.7261      0.7850
   7561   7560   92.1    0.3480 316.8230      0.3480
   7575   7570   98.9    0.7501 401.2231      0.7501
   7584   7579  110.9    0.7501 277.5554      0.7501
   7584   7578  101.1    0.7850 528.8704      0.7850
   7597   7596   96.2    0.3480  45.2023      0.3480
   7611   7606   94.7    0.7501   9.1502      0.7501
   7611   7605  111.9    0.7850  23.4828      0.7850
   7606   7605   95.6    0.3480  28.6227      0.3480
   7620   7614  104.7    0.7850 184.0167      0.7850
   7615   7614   96.4    0.3480 379.2378      0.3480
   7629   7623  111.7    0.7850 442.4693      0.7850
   7633   7632   91.5    0.3480 571.4755      0.3480
   7642   7641   99.0    0.3480 154.6108      0.3480
   7656   7651   97.5    0.7501  83.9508      0.7501
   7656   7650  117.7    0.7850 150.2862      0.7850
   7665   7660  113.5    0.7501 628.7967      0.7501
   7674   7669   91.7    0.7501 219.7650      0.7501
   7669   7668   94.0    0.3480 505.1929      0.3480
   7683   7678  105.2    0.7501  97.6301      0.7501
   7683   7677   91.6    0.7850 235.5290      0.7850
   7692   7686  108.7    0.7850 427.0663      0.7850
   7687   7686   96.2    0.3480 363.5569      0.3480
   7705   7704   92.2    0.3480 270.4616      0.3480
   7723   7722   96.6    0.3480 596.1071      0.3480
   7737   7731  107.2    0.7850 340.0888      0.7850
   7732   7731   91.0    0.3480 244.9985      0.3480
   7746   7741  102.7    0.7501 431.3851      0.7501
   7755   7749   92.9    0.7851 8050.6948      0.7850
   7750   7749   96.3    0.3480 6882.8833      0.3480
   7764   7759   96.3    0.7501 164.8965      0.7501
   7764   7758  100.7    0.7850 527.0884      0.7850
   7777   7776   91.5    0.3480 590.0049      0.3480
   7786   7785   91.3    0.3480 105.2558      0.3480
   7795   7794   98.2    0.3480 310.9568      0.3480
   7804   7803   97.9    0.3480 478.9805      0.3480
   7818   7812  102.4    0.7850  12.1138      0.7850
   7813   7812  115.9    0.3480  21.1324      0.3480
   7827   7822  106.8    0.7501 552.0377      0.7501
   7827   7821   91.5    0.7850 462.0126      0.7850
   7831   7830  101.2    0.3480 239.7704      0.3480
   7845   7840   95.7    0.7501 406.1455      0.7501
   7845   7839  111.0    0.7850 478.3911      0.7850
   7854   7849  113.1    0.7501 561.1331      0.7501
   7854   7848  110.2    0.7850 659.7944      0.7850
   7872   7867   96.8    0.7501 353.7822      0.7501
   7872   7866  114.5    0.7850 340.3971      0.7850
   7876   7875   94.6    0.3480 241.7993      0.3480
   7890   7884   98.3    0.7850 156.4786      0.7850
   7885   7884   93.2    0.3480 140.2406      0.3480
   7908   7902  105.2    0.7850 344.4710      0.7850
   7903   7902   93.6    0.3480 307.6343      0.3480
   7912   7911   92.8    0.3480 536.6359      0.3480
   7926   7921  101.0    0.7501 357.9078      0.7501
   7921   7920   95.8    0.3480 233.0761      0.3480
   7935   7929   90.6    0.7850 717.6744      0.7850
   7930   7929   92.0    0.3480 379.9642      0.3480
   7944   7939  104.2    0.7501 351.7351      0.7501
   7953   7948  107.7    0.7501 429.1140      0.7501
   7962   7957   96.6    0.7501  11.7243      0.7501
   7962   7956   99.2    0.7850 341.7116      0.7850
   7957   7956   90.4    0.3480 314.1288      0.3480
   7980   7974  104.1    0.7850 385.6497      0.7850
   7975   7974   94.1    0.3480 324.9492      0.3480
   7998   7993  103.1    0.7501   3.3080      0.7501
   8007   8002  112.4    0.7501 598.7153      0.7501
   8016   8011  108.6    0.7501 467.5273      0.7501
   8016   8010  110.6    0.7850 746.4598      0.7850
   8025   8020   91.4    0.7501 131.0554      0.7501
   8025   8019  113.5    0.7850 148.3397      0.7850
   8034   8028  117.3    0.7850  81.2655      0.7850
   8043   8038  100.5    0.7501  90.7554      0.7501
   8043   8037  102.8    0.7850 321.6106      0.7850
   8038   8037   92.0    0.3480 201.6508      0.3480
   8052   8047  114.0    0.7501 433.1678      0.7501
   8052   8046  108.1    0.7850 670.7129      0.7850
   8061   8056   93.8    0.7501 353.4174      0.7501
   8061   8055  103.1    0.7850 654.4362      0.7850
   8070   8064   97.3    0.7850 182.5253      0.7850
   8079   8074   98.2    0.7501 325.6746      0.7501
   8074   8073  107.7    0.3480  30.2123      0.3480
   8088   8082   90.8    0.7850 249.7790      0.7850
   8097   8092   93.6    0.7501 160.4328      0.7501
   8097   8091  102.5    0.7850 274.4135      0.7850
   8092   8091   95.5    0.3480 139.6985      0.3480
   8106   8101   99.0    0.7501  47.5259      0.7501
   8106   8100   90.4    0.7850 122.1103      0.7850
   8101   8100   98.6    0.3480  60.5657      0.3480
   8110   8109   97.1    0.3480 414.4230      0.3480
   8124   8118   94.8    0.7850 262.2452      0.7850
   8119   8118   97.0    0.3480 165.2021      0.3480
   8128   8127   95.2    0.3480 243.9411      0.3480
   8142   8136   91.4    0.7850 587.3760      0.7850
   8137   8136   93.6    0.3480 274.9536      0.3480
   8151   8146   93.2    0.7501 202.0543      0.7501
   8160   8154  113.5    0.7850 332.7466      0.7850
   8169   8163  114.7    0.7850 158.9629      0.7850
   8173   8172  101.3    0.3480 238.6430      0.3480
   8187   8181   91.8    0.7850  87.0901      0.7850
   8191   8190   91.5    0.3480 223.4781      0.3480
   8205   8199  111.8    0.7850 608.7985      0.7850
   8214   8209  103.1    0.7501 152.8414      0.7501
   8214   8208   91.7    0.7850 128.9598      0.7850
   8223   8218  105.0    0.7501 498.9039      0.7501
   8223   8217  105.8    0.7850 331.1991      0.7850
   8218   8217   92.7    0.3480 484.3611      0.3480
   8232   8227   90.1    0.7501 261.2673      0.7501
   8227   8226  102.8    0.3480 104.1396      0.3480
  12327  12326   98.2    0.3480 215.9224      0.3480
  12341  12336   99.1    0.7501 358.1151      0.7501
  12341  12335  107.9    0.7850 429.4766      0.7850
  12350  12344  105.4    0.7850 659.1828      0.7850
  12345  12344   93.3    0.3480 779.8862      0.3480
  12359  12354  116.6    0.7501  85.6142      0.7501
  12359  12353   97.2    0.7850  62.8831      0.7850
  12368  12363  113.1    0.7501 580.6929      0.7501
  12368  12362  103.5    0.7850 415.8030      0.7850
  12363  12362   92.4    0.3480 235.9518      0.3480
  12377  12372   95.6    0.7501  24.1892      0.7501
  12377  12371  125.3    0.7850  21.6680      0.7850
  12386  12380   90.2    0.7850 488.1553      0.7850
  12395  12389  104.0    0.7850 231.9031      0.7850
  12390  12389   94.2    0.3480 389.1137      0.3480
  12404  12399  113.6    0.7501 306.5641      0.7501
  12404  12398  101.4    0.7850 210.5922      0.7850
  12408  12407   98.9    0.3480 496.7171      0.3480
  12422  12417  105.0    0.7501 340.5651      0.7501
  12422  12416  111.9    0.7850 630.9387      0.7850
  12431  12425  112.4    0.7850 184.1032      0.7850
  12440  12435   92.3    0.7501 475.1244      0.7501
  12435  12434   95.4    0.3480 248.8032      0.3480
  12449  12444  109.1    0.7501 168.0708      0.7501
  12449  12443   90.0    0.7850 267.6081      0.7850
  12458  12453   90.1    0.7501 386.2038      0.7501
  12458  12452  100.3    0.7850 435.3059      0.7850
  12467  12462   90.8    0.7501 442.8410      0.7501
  12467  12461  108.5    0.7850 630.3389      0.7850
  12471  12470   99.7    0.3480 343.6805      0.3480
  12485  12480  104.0    0.7501 629.5068      0.7501
  12485  12479   94.1    0.7850  93.2466      0.7850
  12480  12479   91.9    0.3480 536.1215      0.3480
  12480  12479   91.9    0.3480 536.1215      0.3480
  12480  12479   91.9    0.3480 536.1215      0.3480
  12489  12488   99.1    0.3480 290.4095      0.3480
  12503  12498  102.9    0.7501 279.0472      0.7501
  12503  12497  120.1    0.7850 107.2314      0.7850
  12498  12497   91.2    0.3480 238.5066      0.3480
  12512  12507   97.9    0.7501 531.0208      0.7501
  12512  12506   99.7    0.7850 173.6528      0.7850
  12521  12516   94.8    0.7501 252.9061      0.7501
  12530  12525  110.9    0.7501 309.7419      0.7501
  12539  12534  112.9    0.7501 343.6980      0.7501
  12539  12533   99.6    0.7850 434.0692      0.7850
  12557  12551  110.6    0.7850 368.1756      0.7850
  12566  12561   91.5    0.7501 461.5868      0.7501
  12566  12560  107.1    0.7850 510.1221      0.7850
  12561  12560   95.3    0.3480 291.3053      0.3480
  12575  12570   98.4    0.7501 179.3214      0.7501
  12570  12569   97.3    0.3480 404.2488      0.3480
  12584  12578   91.1    0.7850 120.2352      0.7850
  12579  12578   95.1    0.3480  68.9980      0.3480
  12588  12587  104.5    0.3480 806.9911      0.3480
  12602  12597   92.8    0.7501 199.9096      0.7501
  12602  12596   92.5    0.7850 245.9308      0.7850
  12611  12606  102.3    0.7501  21.1669      0.7501
  12611  12605   91.6    0.7850 153.0894      0.7850
  12620  12615   91.4    0.7501 299.8519      0.7501
  12620  12614  108.4    0.7850  88.2679      0.7850
  12629  12624  109.1    0.7501 267.0075      0.7501
  12633  12632  112.7    0.3480 103.3291      0.3480
  12647  12642  103.0    0.7501  37.7567      0.7501
  12656  12651   92.2    0.7501 399.1381      0.7501
  12651  12650   94.2    0.3480 669.8170      0.3480
  12665  12660   92.6    0.7501 579.5971      0.7501
  12665  12659  111.9    0.7850 728.5686      0.7850
  12674  12668  111.5    0.7850 196.3684      0.7850
  12678  12677   98.2    0.3480 456.4642      0.3480
  12701  12695  111.0    0.7850 340.1552      0.7850
  12710  12705   96.5    0.7501   6.6162      0.7501
  12710  12704   91.7    0.7850 156.7828      0.7850
  12705  12704   93.1    0.3480 162.3145      0.3480
  12719  12714   97.8    0.7501 134.1278      0.7501
  12714  12713   91.4    0.3480 394.1978      0.3480
  12728  12722   92.2    0.7850 368.5137      0.7850
  12723  12722   96.0    0.3480 264.0883      0.3480
  12746  12741   92.0    0.7501 173.5007      0.7501
  12746  12740   93.0    0.7850 339.7546      0.7850
  12750  12749  107.1    0.3480 343.8239      0.3480
  12773  12768  103.1    0.7501 546.3501      0.7501
  12773  12767   99.2    0.7850 605.9480      0.7850
  12768  12767  102.1    0.3480  52.1382      0.3480
  12782  12777  114.2    0.7501 367.1695      0.7501
  12782  12776  103.1    0.7850 235.2128      0.7850
  12791  12785  107.9    0.7850 286.9131      0.7850
  12795  12794  106.0    0.3480 257.7134      0.3480
  12804  12803  109.9    0.3480 110.7269      0.3480
  12818  12812  113.6    0.7850  88.9422      0.7850
  12813  12812   93.5    0.3480 244.7377      0.3480
  12827  12822   96.3    0.7501 213.9104      0.7501
  12836  12831   91.5    0.7501 463.7978      0.7501
  12836  12830  112.8    0.7850 599.2452      0.7850
  12854  12849   90.4    0.7501 539.8278      0.7501
  12854  12848   91.1    0.7850 700.9141      0.7850
  12858  12857   96.5    0.3480 269.3450      0.3480
  12867  12866  104.5    0.3480  51.5110      0.3480
  12881  12876   98.8    0.7501 342.0875      0.7501
  12881  12875   90.7    0.7850 275.3733      0.7850
  12890  12885  115.4    0.7501 134.1713      0.7501
  12890  12884  111.5    0.7850 247.4750      0.7850
  12894  12893  105.1    0.3480 160.5775      0.3480
  12917  12912   94.3    0.7501 339.6541      0.7501
  12926  12920   90.4    0.7850 397.1163      0.7850
  12921  12920   91.1    0.3480 424.5002      0.3480
  12935  12930  102.6    0.7501 229.0999      0.7501
  12935  12929  110.1    0.7850 584.3136      0.7850
  12939  12938  103.5    0.3480 242.7076      0.3480
  12948  12947  104.4    0.3480 184.3866      0.3480
  12957  12956   99.1    0.3480 318.8212      0.3480
  12971  12965   90.6    0.7850 348.5867      0.7850
  12966  12965  116.2    0.3480 104.0026      0.3480
  12980  12974  100.3    0.7850  45.0775      0.7850
  12975  12974   94.1    0.3480 228.8533      0.3480
  12989  12984   90.9    0.7501 614.6655      0.7501
  12998  12992   93.8    0.7850 223.3470      0.7850
  13007  13002   96.5    0.7501 464.4009      0.7501
  13002  13001   99.6    0.3480 576.9033      0.3480
  13025  13020  108.9    0.7501 795.6998      0.7501
  13025  13019  111.6    0.7850 537.0013      0.7850
  13034  13028   98.6    0.7850 379.3034      0.7850
  13029  13028  100.0    0.3480 439.6065      0.3480
  13043  13038   90.1    0.7501 272.5757      0.7501
  13038  13037   93.2    0.3480 246.3169      0.3480
  13052  13046  100.6    0.7850 730.2489      0.7850
  13061  13055  115.1    0.7850 285.3641      0.7850
  13079  13074   94.2    0.7501 300.6459      0.7501
  13074  13073   94.9    0.3480 233.9927      0.3480
  13088  13083  107.4    0.7501 430.0866      0.7501
  13088  13082  112.8    0.7850 497.4602      0.7850
  13097  13092  103.2    0.7501 432.7816      0.7501
  13097  13091  103.9    0.7850 535.5537      0.7850
  13106  13101   96.0    0.7501   7.2352      0.7501
  13106  13100  108.3    0.7850 235.0706      0.7850
  13115  13109  111.2    0.7850 314.1698      0.7850
  13110  13109   93.5    0.3480 522.3822      0.3480
  13133  13128  113.5    0.7501 602.9730      0.7501
  13133  13127  103.6    0.7850 687.4449      0.7850
  13142  13137   96.6    0.7501 127.3678      0.7501
  13137  13136   90.2    0.3480 119.4203      0.3480
  13146  13145   93.4    0.3480 330.2057      0.3480
  13160  13155  111.4    0.7501 460.3833      0.7501
  13160  13154  114.7    0.7850 240.6341      0.7850
  13178  13173   93.3    0.7501 206.1498      0.7501
  13178  13172  104.5    0.7850 420.6123      0.7850
  13182  13181   90.9    0.3480 331.3285      0.3480
  13196  13191  102.5    0.7501 232.9846      0.7501
  13196  13190  108.5    0.7850 526.7354      0.7850
  13205  13200  114.8    0.7501 355.1353      0.7501
  13214  13209   93.1    0.7501 148.4612      0.7501
  13209  13208   93.6    0.3480 340.1884      0.3480
  13223  13218   97.1    0.7501 334.8265      0.7501
  13223  13217   93.1    0.7850 117.2498      0.7850
  13232  13226  106.3    0.7850 543.2902      0.7850
  13245  13244  101.5    0.3480 102.4430      0.3480
  13259  13254   93.1    0.7501 337.1515      0.7501
  13259  13253   96.4    0.7850   7.0333      0.7850
  13254  13253   95.8    0.3480 343.2509      0.3480
  13268  13263   90.0    0.7501 300.6284      0.7501
  13268  13262  103.9    0.7850 435.2841      0.7850
  13263  13262  109.5    0.3480 312.2238      0.3480
  13277  13272   90.2    0.7501 130.7869      0.7501
  13277  13271  115.7    0.7850 319.3025      0.7850
  13290  13289  111.4    0.3480  31.3890      0.3480
  13299  13298   91.9    0.3480 714.6897      0.3480
  13308  13307   95.2    0.3480 165.7781      0.3480
  13322  13317  115.4    0.7501 193.5682      0.7501
  13322  13316   92.8    0.7850 130.8655      0.7850
  13331  13326  106.5    0.7501 340.0855      0.7501
  13335  13334   94.2    0.3480 284.2115      0.3480
  13344  13343   96.4    0.3480 438.3962      0.3480
  13358  13353  104.3    0.7501 287.2871      0.7501
  13358  13352   90.6    0.7850 254.5506      0.7850
  13376  13371   93.1    0.7501 282.5066      0.7501
  13376  13370  101.8    0.7850 367.5430      0.7850
  13385  13380   94.3    0.7501 221.7523      0.7501
  13385  13379   96.0    0.7850 477.3831      0.7850
  13380  13379   91.5    0.3480 236.7188      0.3480
  13394  13388   91.4    0.7850 275.0903      0.7850
  13389  13388   90.7    0.3480 319.0911      0.3480
  13403  13398  109.5    0.7501 128.6091      0.7501
  13403  13397  104.6    0.7850 241.0757      0.7850
  13412  13406  105.7    0.7850 342.1213      0.7850
  13407  13406   94.8    0.3480 178.8871      0.3480
  13421  13416  104.1    0.7501 272.1139      0.7501
  13430  13425   90.4    0.7501 129.2000      0.7501
  13425  13424   91.9    0.3480 296.1487      0.3480
  13439  13434   97.3    0.7501 256.2981      0.7501
  13439  13433  100.3    0.7850 630.8969      0.7850
  13448  13442  110.1    0.7850 323.4068      0.7850
  13457  13452   90.3    0.7501 431.2535      0.7501
  13466  13461  100.8    0.7501 195.9977      0.7501
  13470  13469   95.1    0.3480 278.2567      0.3480
  13479  13478   90.3    0.3480 337.4123      0.3480
  13493  13488  111.1    0.7501 877.7042      0.7501
  13493  13487   90.5    0.7850 695.5021      0.7850
  13502  13496  110.3    0.7850 413.0815      0.7850
  13497  13496   99.1    0.3480 396.3833      0.3480
  13511  13506  114.4    0.7501 620.4680      0.7501
  13511  13505  113.0    0.7850 596.9963      0.7850
  13506  13505   90.3    0.3480  88.6694      0.3480
  13520  13514  107.5    0.7850 337.6465      0.7850
  13515  13514   92.1    0.3480 640.5435      0.3480
  13529  13524  114.6    0.7501 702.0423      0.7501
  13529  13523  109.5    0.7850 822.1050      0.7850
  13533  13532   92.0    0.3480 431.4377      0.3480
  13547  13542   95.7    0.7501 387.7479      0.7501
  13547  13541  114.1    0.7850 605.3026      0.7850
  13556  13551   96.4    0.7501 586.3295      0.7501
  13551  13550   92.1    0.3480 604.1867      0.3480
  13565  13559  110.6    0.7850 347.6306      0.7850
  13560  13559   91.2    0.3480 421.5016      0.3480
  13574  13569   91.3    0.7501 180.6326      0.7501
  13569  13568   90.9    0.3480 337.3495      0.3480
  13592  13586  106.5    0.7850 326.8676      0.7850
  13587  13586   93.5    0.3480 688.9786      0.3480
  13601  13596   93.2    0.7501 199.6999      0.7501
  13596  13595   90.7    0.3480 153.4504      0.3480
  13610  13605   95.7    0.7501 259.8784      0.7501
  13619  13614  104.9    0.7501 403.1783      0.7501
  13619  13613  113.6    0.7850 255.8392      0.7850
  13614  13613   90.7    0.3480 367.1006      0.3480
  13623  13622   91.1    0.3480 175.1979      0.3480
  13637  13632   95.9    0.7501 670.6600      0.7501
  13637  13631  105.0    0.7850 694.1729      0.7850
  13632  13631  105.6    0.3480 138.0867      0.3480
  13641  13640   94.9    0.3480  35.7088      0.3480
  13659  13658   95.4    0.3480 463.2495      0.3480
  13673  13668   90.9    0.7501 120.4685      0.7501
  13673  13667  112.2    0.7850 350.0184      0.7850
  13682  13677  114.8    0.7501  26.9390      0.7501
  13682  13676  109.8    0.7850  92.2573      0.7850
  13691  13686  116.9    0.7501 159.0771      0.7501
  13691  13685   97.9    0.7850 294.2415      0.7850
  13686  13685   90.7    0.3480 193.5527      0.3480
  13695  13694   93.1    0.3480 313.4118      0.3480
  15016  15017  103.9    0.3360 1106.9427      0.3360
  15033  15035   91.3    0.2865 296.2330      0.2865
  15034  15035   96.2    0.3360 524.7519      0.3360
  15051  15052  105.9    0.2770 731.0868      0.2770
  15069  15070   92.7    0.2770 944.4999      0.2770
  15069  15071  107.0    0.2865 1058.1980      0.2865
  15070  15071  104.1    0.3360 491.8111      0.3360
  15087  15088   94.8    0.2770 1047.3208      0.2770
  15087  15089  104.3    0.2865 385.9592      0.2865
  15106  15107  113.8    0.3360 482.5646      0.3360
  15123  15124  104.8    0.2770 1373.0428      0.2770
  15123  15125  112.3    0.2865 813.9576      0.2865
  15124  15125   91.7    0.3360 963.4698      0.3360
  15141  15142  105.6    0.2770 291.9724      0.2770
  15141  15143   93.6    0.2865   4.5141      0.2865
  15159  15161   91.8    0.2865 462.2457      0.2865
  15160  15161   96.7    0.3360 769.4122      0.3360
  15213  15215  105.8    0.2865 588.0701      0.2865
  15214  15215  100.9    0.3360 1099.6294      0.3360
  15231  15232   90.9    0.2770 338.7230      0.2770
  15232  15233   90.4    0.3360 571.3346      0.3360
  15232  15233   90.4    0.3360 571.3346      0.3360
  15232  15233   90.4    0.3360 571.3346      0.3360
Wrote pdb files with previous and current coordinates

Step 92017142, time 1.84034e+06 (ps)  LINCS WARNING
relative constraint deviation after LINCS:
rms nan, max 126817804288.000000 (between atoms 128 and 129)
bonds that rotated more than 90 degrees:
 atom 1 atom 2  angle  previous, current, constraint length
   7237   7236   90.0  925733.0000 1479565.6250      0.3480
   7818   7812   90.0  892700.7500 788984.8125      0.7850
  13259  13253   90.0  863290.7500 356499.6875      0.7850
Wrote pdb files with previous and current coordinates

Step 92017143, time 1.84034e+06 (ps)  LINCS WARNING
relative constraint deviation after LINCS:
rms nan, max 2421282304.000000 (between atoms 7750 and 7749)
bonds that rotated more than 90 degrees:
 atom 1 atom 2  angle  previous, current, constraint length
   6684   6678   90.0  511541.7812 973262.6250      0.7850
   6796   6795   90.0  2087.1655 497221.1562      0.3480
   7512   7506   90.0  53237.6016 1247651.2500      0.7850
   7818   7812   90.0  788984.8125 661664.1250      0.7850
Wrote pdb files with previous and current coordinates

Step 92017144, time 1.84034e+06 (ps)  LINCS WARNING
relative constraint deviation after LINCS:
rms nan, max 2422940160.000000 (between atoms 7750 and 7749)
bonds that rotated more than 90 degrees:
 atom 1 atom 2  angle  previous, current, constraint length
   6684   6678   90.8  973262.6250 968471.2500      0.7850
   6796   6795   90.0  497221.1562 584795.8125      0.3480
   7998   7993   90.8  279882.0000 758133.6250      0.7501
Wrote pdb files with previous and current coordinates

Step 92017145, time 1.84034e+06 (ps)  LINCS WARNING
relative constraint deviation after LINCS:
rms nan, max 2424598272.000000 (between atoms 7750 and 7749)
bonds that rotated more than 90 degrees:
 atom 1 atom 2  angle  previous, current, constraint length
   6796   6795   90.0  584795.8125 356345.6875      0.3480
   7818   7812   90.0  836975.4375 311177.3125      0.7850
   7998   7993   90.0  758133.6250 371075.1562      0.7501
  12710  12705  115.5  330380.0000 735687.8125      0.7501
Wrote pdb files with previous and current coordinates

Step 92017146, time 1.84034e+06 (ps)  LINCS WARNING
relative constraint deviation after LINCS:
rms nan, max 2422940160.000000 (between atoms 7750 and 7749)
bonds that rotated more than 90 degrees:
 atom 1 atom 2  angle  previous, current, constraint length
Wrote pdb files with previous and current coordinates

Step 92017147, time 1.84034e+06 (ps)  LINCS WARNING
relative constraint deviation after LINCS:
rms nan, max 2421282304.000000 (between atoms 7750 and 7749)
bonds that rotated more than 90 degrees:
 atom 1 atom 2  angle  previous, current, constraint length
   8101   8100   90.0  239974.4844 318049.6875      0.3480
Wrote pdb files with previous and current coordinates

Step 92017148, time 1.84034e+06 (ps)  LINCS WARNING
relative constraint deviation after LINCS:
rms nan, max 2422939392.000000 (between atoms 7750 and 7749)
bonds that rotated more than 90 degrees:
 atom 1 atom 2  angle  previous, current, constraint length
   6252   6247  138.5  4203619.0000 562328.2500      0.7501
   6670   6669   90.0  552267.0625 192908.3594      0.3480
   8101   8100  125.0  318049.6875 1591938.8750      0.3480
Wrote pdb files with previous and current coordinates

Step 92017149, time 1.84034e+06 (ps)  LINCS WARNING
relative constraint deviation after LINCS:
rms nan, max 2424598272.000000 (between atoms 7750 and 7749)
bonds that rotated more than 90 degrees:
 atom 1 atom 2  angle  previous, current, constraint length
   7998   7993  112.5  731088.8125 517826.7188      0.7501
Wrote pdb files with previous and current coordinates

Step 92017150, time 1.84034e+06 (ps)  LINCS WARNING
relative constraint deviation after LINCS:
rms nan, max 2422939392.000000 (between atoms 7750 and 7749)
bonds that rotated more than 90 degrees:
 atom 1 atom 2  angle  previous, current, constraint length
   7998   7993  108.9  517826.7188 1277503.1250      0.7501
Wrote pdb files with previous and current coordinates

Step 92017151, time 1.84034e+06 (ps)  LINCS WARNING
relative constraint deviation after LINCS:
rms nan, max 2421282560.000000 (between atoms 7750 and 7749)
bonds that rotated more than 90 degrees:
 atom 1 atom 2  angle  previous, current, constraint length
   6774   6769  109.8  1077779.7500 1657476.5000      0.7501
Wrote pdb files with previous and current coordinates

Step 92017152, time 1.84034e+06 (ps)  LINCS WARNING
relative constraint deviation after LINCS:
rms nan, max 2422939392.000000 (between atoms 7750 and 7749)
bonds that rotated more than 90 degrees:
 atom 1 atom 2  angle  previous, current, constraint length
Wrote pdb files with previous and current coordinates

Step 92017153, time 1.84034e+06 (ps)  LINCS WARNING
relative constraint deviation after LINCS:
rms nan, max 2424597504.000000 (between atoms 7750 and 7749)
bonds that rotated more than 90 degrees:
 atom 1 atom 2  angle  previous, current, constraint length
Wrote pdb files with previous and current coordinates

Step 92017154, time 1.84034e+06 (ps)  LINCS WARNING
relative constraint deviation after LINCS:
rms nan, max 2422939904.000000 (between atoms 7750 and 7749)
bonds that rotated more than 90 degrees:
 atom 1 atom 2  angle  previous, current, constraint length
   6765   6760   90.1  520788.2188 19881.4980      0.7501
Wrote pdb files with previous and current coordinates

Step 92017155, time 1.84034e+06 (ps)  LINCS WARNING
relative constraint deviation after LINCS:
rms nan, max 2421282048.000000 (between atoms 7750 and 7749)
bonds that rotated more than 90 degrees:
 atom 1 atom 2  angle  previous, current, constraint length
   6765   6760  110.5  19881.4980 778483.6250      0.7501
Wrote pdb files with previous and current coordinates

Step 92017156, time 1.84034e+06 (ps)  LINCS WARNING
relative constraint deviation after LINCS:
rms nan, max 2422940160.000000 (between atoms 7750 and 7749)
bonds that rotated more than 90 degrees:
 atom 1 atom 2  angle  previous, current, constraint length
Wrote pdb files with previous and current coordinates

Step 92017157, time 1.84034e+06 (ps)  LINCS WARNING
relative constraint deviation after LINCS:
rms nan, max 2424598272.000000 (between atoms 7750 and 7749)
bonds that rotated more than 90 degrees:
 atom 1 atom 2  angle  previous, current, constraint length
  12881  12876  100.0  1200578.1250 1584267.1250      0.7501
Wrote pdb files with previous and current coordinates

Step 92017158, time 1.84034e+06 (ps)  LINCS WARNING
relative constraint deviation after LINCS:
rms nan, max 2422940160.000000 (between atoms 7750 and 7749)
bonds that rotated more than 90 degrees:
 atom 1 atom 2  angle  previous, current, constraint length
Wrote pdb files with previous and current coordinates

Step 92017159, time 1.84034e+06 (ps)  LINCS WARNING
relative constraint deviation after LINCS:
rms nan, max 2421281792.000000 (between atoms 7750 and 7749)
bonds that rotated more than 90 degrees:
 atom 1 atom 2  angle  previous, current, constraint length
Wrote pdb files with previous and current coordinates
flux-job: task(s) exited with exit code 139
                      :-) GROMACS - gmx mdrun, 2024.1 (-:

Executable:   /usr/WS1/mummiusr/mummi-spack-temp/spack/0.21/opt/spack/__spack_path_placeholder__/__spack_path_placeholder__/__spack_path_placeholder__/__spack_path_placeholder__/__spack_path_placeholder__/__spack_path_placeholder__/__spack_path_placeholder__/__spack_pat/linux-rhel7-power9le/gcc-9.3.1/gromacs-2024.1.gpu-yjyukptiakg2s7fu4znqvjqzmhy3qont/bin/gmx
Data prefix:  /usr/WS1/mummiusr/mummi-spack-temp/spack/0.21/opt/spack/__spack_path_placeholder__/__spack_path_placeholder__/__spack_path_placeholder__/__spack_path_placeholder__/__spack_path_placeholder__/__spack_path_placeholder__/__spack_path_placeholder__/__spack_pat/linux-rhel7-power9le/gcc-9.3.1/gromacs-2024.1.gpu-yjyukptiakg2s7fu4znqvjqzmhy3qont
Working dir:  /p/vast1/helgi/ADMIRRAL/mini-mummi/pre-campaign/init_tf50_r1_10810ns
Command line:
  gmx mdrun -cpi -nb gpu -ntmpi 1 -ntomp 10 -pin off -maxh 12

Reading file topol.tpr, VERSION 2024.1 (single precision)
Can not increase nstlist because verlet-buffer-tolerance is not set or used
Update groups can not be used for this system because an incompatible virtual site type is used

1 GPU selected for this run.
Mapping of GPU IDs to the 1 GPU task in the 1 rank on this node:
  PP:0
PP tasks will do (non-perturbed) short-ranged interactions on the GPU
PP task will update and constrain coordinates on the CPU
Using 1 MPI thread
Using 10 OpenMP threads 

starting mdrun 'lipids-sim'
90843179 steps, infinite ps (continuing from step 90843180, 1816863.6 ps).

Step 156549440: Run time exceeded 11.880 hours, will terminate the run within 40 steps

NOTE: 14 % of the run time was spent in pair search,
      you might want to increase nstlist (this has no effect on accuracy)

               Core t (s)   Wall t (s)        (%)
       Time:   427680.929    42768.095     1000.0
                         11h52:48
                 (ns/day)    (hour/ns)
Performance:     2654.793        0.009

GROMACS reminds you: "Science may never come up with a better office communication system than the coffee break." (Earl Wilson)

                      :-) GROMACS - gmx mdrun, 2024.1 (-:

Executable:   /usr/WS1/mummiusr/mummi-spack-temp/spack/0.21/opt/spack/__spack_path_placeholder__/__spack_path_placeholder__/__spack_path_placeholder__/__spack_path_placeholder__/__spack_path_placeholder__/__spack_path_placeholder__/__spack_path_placeholder__/__spack_pat/linux-rhel7-power9le/gcc-9.3.1/gromacs-2024.1.gpu-yjyukptiakg2s7fu4znqvjqzmhy3qont/bin/gmx
Data prefix:  /usr/WS1/mummiusr/mummi-spack-temp/spack/0.21/opt/spack/__spack_path_placeholder__/__spack_path_placeholder__/__spack_path_placeholder__/__spack_path_placeholder__/__spack_path_placeholder__/__spack_path_placeholder__/__spack_path_placeholder__/__spack_pat/linux-rhel7-power9le/gcc-9.3.1/gromacs-2024.1.gpu-yjyukptiakg2s7fu4znqvjqzmhy3qont
Working dir:  /p/vast1/helgi/ADMIRRAL/mini-mummi/pre-campaign/init_tf50_r1_10810ns
Command line:
  gmx mdrun -cpi -nb gpu -ntmpi 1 -ntomp 10 -pin off -maxh 12

Reading file topol.tpr, VERSION 2024.1 (single precision)
Can not increase nstlist because verlet-buffer-tolerance is not set or used
Update groups can not be used for this system because an incompatible virtual site type is used

1 GPU selected for this run.
Mapping of GPU IDs to the 1 GPU task in the 1 rank on this node:
  PP:0
PP tasks will do (non-perturbed) short-ranged interactions on the GPU
PP task will update and constrain coordinates on the CPU
Using 1 MPI thread
Using 10 OpenMP threads 

starting mdrun 'lipids-sim'
156549459 steps, infinite ps (continuing from step 156549460, 3130989.2 ps).

Step 175088250, time 3.50176e+06 (ps)  LINCS WARNING
relative constraint deviation after LINCS:
rms 0.020049, max 0.487729 (between atoms 126 and 127)
bonds that rotated more than 90 degrees:
 atom 1 atom 2  angle  previous, current, constraint length
     29     30  103.3    0.3300   0.4143      0.3300
     33     35   95.9    0.3100   0.3493      0.3100
     35     36   97.7    0.2700   0.3921      0.2700
    126    127  114.1    0.3050   0.4538      0.3050

Step 175088251, time 3.50177e+06 (ps)  LINCS WARNING
relative constraint deviation after LINCS:
rms 11140.220703, max 366709.062500 (between atoms 35 and 36)
bonds that rotated more than 90 degrees:
 atom 1 atom 2  angle  previous, current, constraint length
     29     30  108.4    0.4143   0.5250      0.3300
     30     33  113.2    0.3364   0.6043      0.3100
     33     35  107.5    0.3493   1.0293      0.3100
     37     39  125.0    0.3501 49490.4961      0.3100
     39     41  107.9    0.3106   1.0084      0.3100
     39     40  109.3    0.3052   0.9213      0.3050
     76     77   90.6    0.3050 124.5760      0.3050
     78     79   97.9    0.3410   2.4730      0.3410
    126    127   92.6    0.4538   6.7550      0.3050
    128    129  119.1    0.2700 2515.0483      0.2700
Wrote pdb files with previous and current coordinates

Step 175088252, time 3.50177e+06 (ps)  LINCS WARNING
relative constraint deviation after LINCS:
rms 975282307072.000000, max 22007599071232.000000 (between atoms 39 and 40)
bonds that rotated more than 90 degrees:
 atom 1 atom 2  angle  previous, current, constraint length
     41     43   90.1    0.4676 40486.5781      0.3100
     45     47   92.5    0.3102 442.7099      0.3100
     49     51  126.1    0.3300   0.2078      0.3300
     41     42   90.1    0.4722 40629.9141      0.3410
     47     48  143.9    0.3410   9.7414      0.3410
     78     79  102.8    2.4730   0.4249      0.3410
     87     88  148.7    0.3000  37.9445      0.3000
     88     89   94.9    0.3000   3.4941      0.3000
     88     90   95.0    0.2850   3.2857      0.2850
     89     90   95.0    0.2850   3.2915      0.2850
    126    127  132.2    6.7550  15.8294      0.3050
Wrote pdb files with previous and current coordinates

Step 175088253, time 3.50177e+06 (ps)  LINCS WARNING
relative constraint deviation after LINCS:
rms nan, max 28150.324219 (between atoms 128 and 129)
bonds that rotated more than 90 degrees:
 atom 1 atom 2  angle  previous, current, constraint length
    344    345  168.3    0.3300 301.3012      0.3300
    347    349  114.3    0.3100 219.5207      0.3100
    349    351   95.3    0.3100   3.3636      0.3100
    351    353  165.1    0.3100 213.4649      0.3100
    357    362   96.8    0.3100   2.6142      0.3100
    362    364  104.6    0.3100   0.6587      0.3100
     17     18  101.8    0.2920 302.0957      0.2920
     88     90   95.6    3.2857   2.9151      0.2850
     89     90   95.6    3.2915   2.9286      0.2850
    120    121  132.2    0.3410 220.8999      0.3410
    126    127  149.4   15.8294 166.9365      0.3050
    345    346  112.8    0.2920 300.8684      0.2920
    351    352   94.0    0.2700   3.8680      0.2700
    362    363  103.6    0.3050   0.6452      0.3050
    496    497  106.8    0.2920   0.3886      0.2920
Wrote pdb files with previous and current coordinates

Step 175088254, time 3.50177e+06 (ps)  LINCS WARNING
relative constraint deviation after LINCS:
rms nan, max 571.940063 (between atoms 87 and 88)
bonds that rotated more than 90 degrees:
 atom 1 atom 2  angle  previous, current, constraint length
     88     89  101.0    0.2994   1.5760      0.3000
     88     90  118.8    2.9151   1.7542      0.2850
     89     90  121.1    2.9286   2.1864      0.2850
    182    183   94.0    0.3400   4.8712      0.3400
    182    184   94.0    0.3400   4.8685      0.3400
    183    184   96.0    0.2900   2.7535      0.2900
    354    355  154.1    0.3400  19.9563      0.3400
    354    356  135.4    0.3400  20.3014      0.3400
    355    356  121.9    0.2900   0.5491      0.2900
    496    497  123.4    0.3886 164.3332      0.2920
Wrote pdb files with previous and current coordinates

Step 175088255, time 3.50177e+06 (ps)  LINCS WARNING
relative constraint deviation after LINCS:
rms nan, max 26.666075 (between atoms 158 and 159)
bonds that rotated more than 90 degrees:
 atom 1 atom 2  angle  previous, current, constraint length
      6      7   93.4    0.3000   5.0683      0.3000
      6      8   93.4    0.3000   4.9863      0.3000
      7      8   98.5    0.3000   2.0241      0.3000
      7      9   98.6    0.2850   1.9012      0.2850
      8      9   98.5    0.2850   1.9266      0.2850
    156    157  101.2    0.3000   1.5396      0.3000
    156    158   97.0    0.3000   2.4736      0.3000
    157    158   96.6    0.3000   2.6294      0.3000
    157    159   93.0    0.2850   5.4899      0.2850
    158    159   92.1    0.2850   7.8848      0.2850
Wrote pdb files with previous and current coordinates
flux-job: task(s) exited with exit code 139
                      :-) GROMACS - gmx mdrun, 2024.1 (-:

Executable:   /usr/WS1/mummiusr/mummi-spack-temp/spack/0.21/opt/spack/__spack_path_placeholder__/__spack_path_placeholder__/__spack_path_placeholder__/__spack_path_placeholder__/__spack_path_placeholder__/__spack_path_placeholder__/__spack_path_placeholder__/__spack_pat/linux-rhel7-power9le/gcc-9.3.1/gromacs-2024.1.gpu-yjyukptiakg2s7fu4znqvjqzmhy3qont/bin/gmx
Data prefix:  /usr/WS1/mummiusr/mummi-spack-temp/spack/0.21/opt/spack/__spack_path_placeholder__/__spack_path_placeholder__/__spack_path_placeholder__/__spack_path_placeholder__/__spack_path_placeholder__/__spack_path_placeholder__/__spack_path_placeholder__/__spack_pat/linux-rhel7-power9le/gcc-9.3.1/gromacs-2024.1.gpu-yjyukptiakg2s7fu4znqvjqzmhy3qont
Working dir:  /p/vast1/helgi/ADMIRRAL/mini-mummi/pre-campaign/init_tf50_r1_10810ns
Command line:
  gmx mdrun -cpi -nb gpu -ntmpi 1 -ntomp 10 -pin off -maxh 12

Reading file topol.tpr, VERSION 2024.1 (single precision)
Can not increase nstlist because verlet-buffer-tolerance is not set or used
Update groups can not be used for this system because an incompatible virtual site type is used

1 GPU selected for this run.
Mapping of GPU IDs to the 1 GPU task in the 1 rank on this node:
  PP:0
PP tasks will do (non-perturbed) short-ranged interactions on the GPU
PP task will update and constrain coordinates on the CPU
Using 1 MPI thread
Using 10 OpenMP threads 

starting mdrun 'lipids-sim'
174530599 steps, infinite ps (continuing from step 174530600, 3490612.0 ps).

Step 236088440: Run time exceeded 11.880 hours, will terminate the run within 40 steps

NOTE: 16 % of the run time was spent in pair search,
      you might want to increase nstlist (this has no effect on accuracy)

               Core t (s)   Wall t (s)        (%)
       Time:   427681.012    42768.103     1000.0
                         11h52:48
                 (ns/day)    (hour/ns)
Performance:     2487.180        0.010

GROMACS reminds you: "The time for theory is over" (J. Hajdu)

                      :-) GROMACS - gmx mdrun, 2024.1 (-:

Executable:   /usr/WS1/mummiusr/mummi-spack-temp/spack/0.21/opt/spack/__spack_path_placeholder__/__spack_path_placeholder__/__spack_path_placeholder__/__spack_path_placeholder__/__spack_path_placeholder__/__spack_path_placeholder__/__spack_path_placeholder__/__spack_pat/linux-rhel7-power9le/gcc-9.3.1/gromacs-2024.1.gpu-yjyukptiakg2s7fu4znqvjqzmhy3qont/bin/gmx
Data prefix:  /usr/WS1/mummiusr/mummi-spack-temp/spack/0.21/opt/spack/__spack_path_placeholder__/__spack_path_placeholder__/__spack_path_placeholder__/__spack_path_placeholder__/__spack_path_placeholder__/__spack_path_placeholder__/__spack_path_placeholder__/__spack_pat/linux-rhel7-power9le/gcc-9.3.1/gromacs-2024.1.gpu-yjyukptiakg2s7fu4znqvjqzmhy3qont
Working dir:  /p/vast1/helgi/ADMIRRAL/mini-mummi/pre-campaign/init_tf50_r1_10810ns
Command line:
  gmx mdrun -cpi -nb gpu -ntmpi 1 -ntomp 10 -pin off -maxh 12

Reading file topol.tpr, VERSION 2024.1 (single precision)
Can not increase nstlist because verlet-buffer-tolerance is not set or used
Update groups can not be used for this system because an incompatible virtual site type is used

1 GPU selected for this run.
Mapping of GPU IDs to the 1 GPU task in the 1 rank on this node:
  PP:0
PP tasks will do (non-perturbed) short-ranged interactions on the GPU
PP task will update and constrain coordinates on the CPU
Using 1 MPI thread
Using 10 OpenMP threads 

starting mdrun 'lipids-sim'
236088459 steps, infinite ps (continuing from step 236088460, 4721769.2 ps).

Step 291506436, time 5.83013e+06 (ps)  LINCS WARNING
relative constraint deviation after LINCS:
rms 0.167247, max 6.466649 (between atoms 17 and 18)
bonds that rotated more than 90 degrees:
 atom 1 atom 2  angle  previous, current, constraint length
     17     18   97.7    0.2920   2.1803      0.2920
Wrote pdb files with previous and current coordinates

Step 291506437, time 5.83013e+06 (ps)  LINCS WARNING
relative constraint deviation after LINCS:
rms 142.880798, max 5524.493652 (between atoms 120 and 121)
bonds that rotated more than 90 degrees:
 atom 1 atom 2  angle  previous, current, constraint length
     29     30  127.8    0.3300   0.5382      0.3300
     33     35  120.4    0.3100   0.6133      0.3100
     17     18  102.0    2.1803   0.3591      0.2920
     78     79   93.8    0.3410   5.2086      0.3410
    120    121  117.6    0.3410 1884.1934      0.3410
    505    507   97.6    0.3100   2.3399      0.3100
    507    509   99.1    0.3100   1.9686      0.3100
    509    511  111.6    0.3100   0.8427      0.3100
Wrote pdb files with previous and current coordinates

Step 291506438, time 5.83013e+06 (ps)  LINCS WARNING
relative constraint deviation after LINCS:
rms nan, max 17512.453125 (between atoms 120 and 121)
bonds that rotated more than 90 degrees:
 atom 1 atom 2  angle  previous, current, constraint length
    444    445  119.7    0.4600   0.9279      0.4600
    445    447  111.5    0.3600   0.9841      0.3600
     29     30   95.9    0.5382   3.2164      0.3300
     30     33  171.4    0.4399  16.9403      0.3100
     33     35   94.6    0.6133   3.9010      0.3100
     35     37   97.8    0.4222   2.2734      0.3100
     37     39  108.1    0.3285   0.9981      0.3100
     15     16  108.3    0.2920   0.3974      0.2920
     17     18   99.4    0.3591   1.7961      0.2920
     19     20  103.3    0.2920   1.2703      0.2920
     27     28   91.3    0.2920  13.1678      0.2920
     35     36   96.8    0.4005   2.2807      0.2700
     76     77  111.9    0.3050   0.8164      0.3050
     78     79   94.1    5.2086   4.8190      0.3410
    128    129  115.1    0.2700  20.5095      0.2700
    156    157  111.9    0.3000   0.8037      0.3000
    156    158  112.0    0.3000   0.8024      0.3000
    157    158  112.6    0.3000   0.7801      0.3000
    157    159  104.6    0.2850 1687.3420      0.2850
    179    180   93.8    0.2920   4.4469      0.2920
    219    220  124.7    0.3000   0.5265      0.3000
    219    221   93.4    0.3000   5.1245      0.3000
    220    221   93.4    0.3000   5.0566      0.3000
    220    221   93.4    0.3000   5.0566      0.3000
    220    221   93.4    0.3000   5.0566      0.3000
    220    221   93.4    0.3000   5.0566      0.3000
    220    222  122.3    0.2850   0.5330      0.2850
    221    222   93.2    0.2850   5.1348      0.2850
    500    502  103.2    0.3100   1.3594      0.3100
    502    505   96.5    0.3628   2.7232      0.3100
    505    507  118.4    2.3399   0.6560      0.3100
    509    511  130.3    0.8427 653.3051      0.3100
    511    514   97.2    0.4439   2.4713      0.3100
    514    517  107.3    0.3193   1.0435      0.3100
Wrote pdb files with previous and current coordinates

Step 291506439, time 5.83013e+06 (ps)  LINCS WARNING
relative constraint deviation after LINCS:
rms nan, max 2628369.750000 (between atoms 185 and 186)
bonds that rotated more than 90 degrees:
 atom 1 atom 2  angle  previous, current, constraint length
    444    447   97.5    0.4050   2.8136      0.3950
    156    157  103.2    0.8037   1.3160      0.3000
    156    158  100.3    0.8024   1.6825      0.3000
    157    158  112.7    0.7801   0.4637      0.3000
    187    188  114.1    0.3410   0.8339      0.3410
    219    220  109.7    0.5265   1.6881      0.3000
    219    221  166.6    5.1245   4.6516      0.3000
    220    221  166.0    5.0566   3.0948      0.3000
    220    221  166.0    5.0566   3.0948      0.3000
    220    221  166.0    5.0566   3.0948      0.3000
    220    221  166.0    5.0566   3.0948      0.3000
    220    222  112.1    0.5330   1.5036      0.2850
    221    222  170.9    5.1348   4.5960      0.2850
    498    500   96.6    0.3997   2.8602      0.3300
    500    502  130.2    1.3594 224.4243      0.3100
    502    505  134.2    2.7232 214.8578      0.3100
    505    507   93.8    0.6560   4.6536      0.3100
    511    514   99.2    2.4713   1.9436      0.3100
    514    517   93.6    1.0435   4.9800      0.3100
    517    519   99.5    0.4138   1.8753      0.3100
    500    501   96.0    0.3546   2.8141      0.2920
    517    518  100.0    0.3820   1.5606      0.2700
Wrote pdb files with previous and current coordinates
flux-job: task(s) exited with exit code 139
                      :-) GROMACS - gmx mdrun, 2024.1 (-:

Executable:   /usr/WS1/mummiusr/mummi-spack-temp/spack/0.21/opt/spack/__spack_path_placeholder__/__spack_path_placeholder__/__spack_path_placeholder__/__spack_path_placeholder__/__spack_path_placeholder__/__spack_path_placeholder__/__spack_path_placeholder__/__spack_pat/linux-rhel7-power9le/gcc-9.3.1/gromacs-2024.1.gpu-yjyukptiakg2s7fu4znqvjqzmhy3qont/bin/gmx
Data prefix:  /usr/WS1/mummiusr/mummi-spack-temp/spack/0.21/opt/spack/__spack_path_placeholder__/__spack_path_placeholder__/__spack_path_placeholder__/__spack_path_placeholder__/__spack_path_placeholder__/__spack_path_placeholder__/__spack_path_placeholder__/__spack_pat/linux-rhel7-power9le/gcc-9.3.1/gromacs-2024.1.gpu-yjyukptiakg2s7fu4znqvjqzmhy3qont
Working dir:  /p/vast1/helgi/ADMIRRAL/mini-mummi/pre-campaign/init_tf50_r1_10810ns
Command line:
  gmx mdrun -cpi -nb gpu -ntmpi 1 -ntomp 10 -pin off -maxh 12

Reading file topol.tpr, VERSION 2024.1 (single precision)
Can not increase nstlist because verlet-buffer-tolerance is not set or used
Update groups can not be used for this system because an incompatible virtual site type is used

1 GPU selected for this run.
Mapping of GPU IDs to the 1 GPU task in the 1 rank on this node:
  PP:0
PP tasks will do (non-perturbed) short-ranged interactions on the GPU
PP task will update and constrain coordinates on the CPU
Using 1 MPI thread
Using 10 OpenMP threads 

starting mdrun 'lipids-sim'
290339799 steps, infinite ps (continuing from step 290339800, 5806796.0 ps).

Step 355697900: Run time exceeded 11.880 hours, will terminate the run within 40 steps

NOTE: 14 % of the run time was spent in pair search,
      you might want to increase nstlist (this has no effect on accuracy)

               Core t (s)   Wall t (s)        (%)
       Time:   427680.729    42768.076     1000.0
                         11h52:48
                 (ns/day)    (hour/ns)
Performance:     2640.727        0.009

GROMACS reminds you: "Computers are incredibly fast, accurate and stupid. Humans are incredibly slow, inaccurate and... also stupid." (Anonymous)

                      :-) GROMACS - gmx mdrun, 2024.1 (-:

Executable:   /usr/WS1/mummiusr/mummi-spack-temp/spack/0.21/opt/spack/__spack_path_placeholder__/__spack_path_placeholder__/__spack_path_placeholder__/__spack_path_placeholder__/__spack_path_placeholder__/__spack_path_placeholder__/__spack_path_placeholder__/__spack_pat/linux-rhel7-power9le/gcc-9.3.1/gromacs-2024.1.gpu-yjyukptiakg2s7fu4znqvjqzmhy3qont/bin/gmx
Data prefix:  /usr/WS1/mummiusr/mummi-spack-temp/spack/0.21/opt/spack/__spack_path_placeholder__/__spack_path_placeholder__/__spack_path_placeholder__/__spack_path_placeholder__/__spack_path_placeholder__/__spack_path_placeholder__/__spack_path_placeholder__/__spack_pat/linux-rhel7-power9le/gcc-9.3.1/gromacs-2024.1.gpu-yjyukptiakg2s7fu4znqvjqzmhy3qont
Working dir:  /p/vast1/helgi/ADMIRRAL/mini-mummi/pre-campaign/init_tf50_r1_10810ns
Command line:
  gmx mdrun -cpi -nb gpu -ntmpi 1 -ntomp 10 -pin off -maxh 12

Reading file topol.tpr, VERSION 2024.1 (single precision)
Can not increase nstlist because verlet-buffer-tolerance is not set or used
Update groups can not be used for this system because an incompatible virtual site type is used

1 GPU selected for this run.
Mapping of GPU IDs to the 1 GPU task in the 1 rank on this node:
  PP:0
PP tasks will do (non-perturbed) short-ranged interactions on the GPU
PP task will update and constrain coordinates on the CPU
Using 1 MPI thread
Using 10 OpenMP threads 

starting mdrun 'lipids-sim'
355697919 steps, infinite ps (continuing from step 355697920, 7113958.4 ps).

Step 421173100: Run time exceeded 11.880 hours, will terminate the run within 40 steps

NOTE: 14 % of the run time was spent in pair search,
      you might want to increase nstlist (this has no effect on accuracy)

               Core t (s)   Wall t (s)        (%)
       Time:   427680.864    42768.088     1000.0
                         11h52:48
                 (ns/day)    (hour/ns)
Performance:     2645.457        0.009

GROMACS reminds you: "We mathematicians are all a bit crazy." (Lev Landau)

