                      :-) GROMACS - gmx mdrun, 2024.1 (-:

Executable:   /usr/WS1/mummiusr/mummi-spack-temp/spack/0.21/opt/spack/__spack_path_placeholder__/__spack_path_placeholder__/__spack_path_placeholder__/__spack_path_placeholder__/__spack_path_placeholder__/__spack_path_placeholder__/__spack_path_placeholder__/__spack_pat/linux-rhel7-power9le/gcc-9.3.1/gromacs-2024.1.gpu-yjyukptiakg2s7fu4znqvjqzmhy3qont/bin/gmx
Data prefix:  /usr/WS1/mummiusr/mummi-spack-temp/spack/0.21/opt/spack/__spack_path_placeholder__/__spack_path_placeholder__/__spack_path_placeholder__/__spack_path_placeholder__/__spack_path_placeholder__/__spack_path_placeholder__/__spack_path_placeholder__/__spack_pat/linux-rhel7-power9le/gcc-9.3.1/gromacs-2024.1.gpu-yjyukptiakg2s7fu4znqvjqzmhy3qont
Working dir:  /p/vast1/helgi/ADMIRRAL/mini-mummi/pre-campaign/init_tf50_r1_10210ns
Command line:
  gmx mdrun -cpi -nb gpu -ntmpi 1 -ntomp 10 -pin off -maxh 12

Reading file topol.tpr, VERSION 2024.1 (single precision)
Can not increase nstlist because verlet-buffer-tolerance is not set or used
Update groups can not be used for this system because an incompatible virtual site type is used

1 GPU selected for this run.
Mapping of GPU IDs to the 1 GPU task in the 1 rank on this node:
  PP:0
PP tasks will do (non-perturbed) short-ranged interactions on the GPU
PP task will update and constrain coordinates on the CPU
Using 1 MPI thread
Using 10 OpenMP threads 

starting mdrun 'lipids-sim'
-1 steps, infinite ps.

Step 56170336, time 1.12341e+06 (ps)  LINCS WARNING
relative constraint deviation after LINCS:
rms nan, max 1.267447 (between atoms 35 and 36)
bonds that rotated more than 90 degrees:
 atom 1 atom 2  angle  previous, current, constraint length
     29     30  117.2    0.3300   0.7226      0.3300
     33     35  119.7    0.3100   0.6266      0.3100
     35     37   98.8    0.3100   0.5998      0.3100
     35     36  100.1    0.2700   0.6122      0.2700
Wrote pdb files with previous and current coordinates

Step 56170337, time 1.12341e+06 (ps)  LINCS WARNING
relative constraint deviation after LINCS:
rms nan, max 6.615668 (between atoms 261 and 262)
bonds that rotated more than 90 degrees:
 atom 1 atom 2  angle  previous, current, constraint length
    138    139  105.4    0.3000   0.5914      0.3000
    139    140  127.5    0.3000   0.4931      0.3000
    139    141  116.9    0.2850   0.6294      0.2850
    179    180  100.1    0.2920   1.6578      0.2920
    261    262   97.5    0.2920   2.2238      0.2920
Wrote pdb files with previous and current coordinates
flux-job: task(s) exited with exit code 139
                      :-) GROMACS - gmx mdrun, 2024.1 (-:

Executable:   /usr/WS1/mummiusr/mummi-spack-temp/spack/0.21/opt/spack/__spack_path_placeholder__/__spack_path_placeholder__/__spack_path_placeholder__/__spack_path_placeholder__/__spack_path_placeholder__/__spack_path_placeholder__/__spack_path_placeholder__/__spack_pat/linux-rhel7-power9le/gcc-9.3.1/gromacs-2024.1.gpu-yjyukptiakg2s7fu4znqvjqzmhy3qont/bin/gmx
Data prefix:  /usr/WS1/mummiusr/mummi-spack-temp/spack/0.21/opt/spack/__spack_path_placeholder__/__spack_path_placeholder__/__spack_path_placeholder__/__spack_path_placeholder__/__spack_path_placeholder__/__spack_path_placeholder__/__spack_path_placeholder__/__spack_pat/linux-rhel7-power9le/gcc-9.3.1/gromacs-2024.1.gpu-yjyukptiakg2s7fu4znqvjqzmhy3qont
Working dir:  /p/vast1/helgi/ADMIRRAL/mini-mummi/pre-campaign/init_tf50_r1_10210ns
Command line:
  gmx mdrun -cpi -nb gpu -ntmpi 1 -ntomp 10 -pin off -maxh 12

Reading file topol.tpr, VERSION 2024.1 (single precision)
Can not increase nstlist because verlet-buffer-tolerance is not set or used
Update groups can not be used for this system because an incompatible virtual site type is used

1 GPU selected for this run.
Mapping of GPU IDs to the 1 GPU task in the 1 rank on this node:
  PP:0
PP tasks will do (non-perturbed) short-ranged interactions on the GPU
PP task will update and constrain coordinates on the CPU
Using 1 MPI thread
Using 10 OpenMP threads 

starting mdrun 'lipids-sim'
56011799 steps, infinite ps (continuing from step 56011800, 1120236.0 ps).

Step 105007860: Run time exceeded 11.880 hours, will terminate the run within 40 steps

NOTE: 15 % of the run time was spent in pair search,
      you might want to increase nstlist (this has no effect on accuracy)

               Core t (s)   Wall t (s)        (%)
       Time:   427680.953    42768.097     1000.0
                         11h52:48
                 (ns/day)    (hour/ns)
Performance:     1979.635        0.012

GROMACS reminds you: "This work contains many things which are new and interesting. Unfortunately, everything that is new is not interesting, and everything which is interesting, is not new." (Lev Landau)

                      :-) GROMACS - gmx mdrun, 2024.1 (-:

Executable:   /usr/WS1/mummiusr/mummi-spack-temp/spack/0.21/opt/spack/__spack_path_placeholder__/__spack_path_placeholder__/__spack_path_placeholder__/__spack_path_placeholder__/__spack_path_placeholder__/__spack_path_placeholder__/__spack_path_placeholder__/__spack_pat/linux-rhel7-power9le/gcc-9.3.1/gromacs-2024.1.gpu-yjyukptiakg2s7fu4znqvjqzmhy3qont/bin/gmx
Data prefix:  /usr/WS1/mummiusr/mummi-spack-temp/spack/0.21/opt/spack/__spack_path_placeholder__/__spack_path_placeholder__/__spack_path_placeholder__/__spack_path_placeholder__/__spack_path_placeholder__/__spack_path_placeholder__/__spack_path_placeholder__/__spack_pat/linux-rhel7-power9le/gcc-9.3.1/gromacs-2024.1.gpu-yjyukptiakg2s7fu4znqvjqzmhy3qont
Working dir:  /p/vast1/helgi/ADMIRRAL/mini-mummi/pre-campaign/init_tf50_r1_10210ns
Command line:
  gmx mdrun -cpi -nb gpu -ntmpi 1 -ntomp 10 -pin off -maxh 12

Reading file topol.tpr, VERSION 2024.1 (single precision)
Can not increase nstlist because verlet-buffer-tolerance is not set or used
Update groups can not be used for this system because an incompatible virtual site type is used

1 GPU selected for this run.
Mapping of GPU IDs to the 1 GPU task in the 1 rank on this node:
  PP:0
PP tasks will do (non-perturbed) short-ranged interactions on the GPU
PP task will update and constrain coordinates on the CPU
Using 1 MPI thread
Using 10 OpenMP threads 

starting mdrun 'lipids-sim'
105007879 steps, infinite ps (continuing from step 105007880, 2100157.6 ps).

Step 171532260: Run time exceeded 11.880 hours, will terminate the run within 40 steps

NOTE: 14 % of the run time was spent in pair search,
      you might want to increase nstlist (this has no effect on accuracy)

               Core t (s)   Wall t (s)        (%)
       Time:   427680.726    42768.074     1000.0
                         11h52:48
                 (ns/day)    (hour/ns)
Performance:     2687.850        0.009

GROMACS reminds you: "Even the *healthy* people move in clouds of cigarette smoke, women straining polyester, men in raggedly cutoffs slathering mayonnaise on foot-long hot dogs. It's as if the hotel were hosting a conference on adult onset diabetes" (Jess Walter)

                      :-) GROMACS - gmx mdrun, 2024.1 (-:

Executable:   /usr/WS1/mummiusr/mummi-spack-temp/spack/0.21/opt/spack/__spack_path_placeholder__/__spack_path_placeholder__/__spack_path_placeholder__/__spack_path_placeholder__/__spack_path_placeholder__/__spack_path_placeholder__/__spack_path_placeholder__/__spack_pat/linux-rhel7-power9le/gcc-9.3.1/gromacs-2024.1.gpu-yjyukptiakg2s7fu4znqvjqzmhy3qont/bin/gmx
Data prefix:  /usr/WS1/mummiusr/mummi-spack-temp/spack/0.21/opt/spack/__spack_path_placeholder__/__spack_path_placeholder__/__spack_path_placeholder__/__spack_path_placeholder__/__spack_path_placeholder__/__spack_path_placeholder__/__spack_path_placeholder__/__spack_pat/linux-rhel7-power9le/gcc-9.3.1/gromacs-2024.1.gpu-yjyukptiakg2s7fu4znqvjqzmhy3qont
Working dir:  /p/vast1/helgi/ADMIRRAL/mini-mummi/pre-campaign/init_tf50_r1_10210ns
Command line:
  gmx mdrun -cpi -nb gpu -ntmpi 1 -ntomp 10 -pin off -maxh 12

Reading file topol.tpr, VERSION 2024.1 (single precision)
Can not increase nstlist because verlet-buffer-tolerance is not set or used
Update groups can not be used for this system because an incompatible virtual site type is used

1 GPU selected for this run.
Mapping of GPU IDs to the 1 GPU task in the 1 rank on this node:
  PP:0
PP tasks will do (non-perturbed) short-ranged interactions on the GPU
PP task will update and constrain coordinates on the CPU
Using 1 MPI thread
Using 10 OpenMP threads 

starting mdrun 'lipids-sim'
171532279 steps, infinite ps (continuing from step 171532280, 3430645.6 ps).

Step 236949860: Run time exceeded 11.880 hours, will terminate the run within 40 steps

NOTE: 14 % of the run time was spent in pair search,
      you might want to increase nstlist (this has no effect on accuracy)

               Core t (s)   Wall t (s)        (%)
       Time:   427680.759    42768.077     1000.0
                         11h52:48
                 (ns/day)    (hour/ns)
Performance:     2643.131        0.009

GROMACS reminds you: "Sisters Have Always Fascinated Me" (Speech)

                      :-) GROMACS - gmx mdrun, 2024.1 (-:

Executable:   /usr/WS1/mummiusr/mummi-spack-temp/spack/0.21/opt/spack/__spack_path_placeholder__/__spack_path_placeholder__/__spack_path_placeholder__/__spack_path_placeholder__/__spack_path_placeholder__/__spack_path_placeholder__/__spack_path_placeholder__/__spack_pat/linux-rhel7-power9le/gcc-9.3.1/gromacs-2024.1.gpu-yjyukptiakg2s7fu4znqvjqzmhy3qont/bin/gmx
Data prefix:  /usr/WS1/mummiusr/mummi-spack-temp/spack/0.21/opt/spack/__spack_path_placeholder__/__spack_path_placeholder__/__spack_path_placeholder__/__spack_path_placeholder__/__spack_path_placeholder__/__spack_path_placeholder__/__spack_path_placeholder__/__spack_pat/linux-rhel7-power9le/gcc-9.3.1/gromacs-2024.1.gpu-yjyukptiakg2s7fu4znqvjqzmhy3qont
Working dir:  /p/vast1/helgi/ADMIRRAL/mini-mummi/pre-campaign/init_tf50_r1_10210ns
Command line:
  gmx mdrun -cpi -nb gpu -ntmpi 1 -ntomp 10 -pin off -maxh 12

Reading file topol.tpr, VERSION 2024.1 (single precision)
Can not increase nstlist because verlet-buffer-tolerance is not set or used
Update groups can not be used for this system because an incompatible virtual site type is used

1 GPU selected for this run.
Mapping of GPU IDs to the 1 GPU task in the 1 rank on this node:
  PP:0
PP tasks will do (non-perturbed) short-ranged interactions on the GPU
PP task will update and constrain coordinates on the CPU
Using 1 MPI thread
Using 10 OpenMP threads 

starting mdrun 'lipids-sim'
236949879 steps, infinite ps (continuing from step 236949880, 4738997.6 ps).

Step 298021500: Run time exceeded 11.880 hours, will terminate the run within 40 steps

NOTE: 14 % of the run time was spent in pair search,
      you might want to increase nstlist (this has no effect on accuracy)

               Core t (s)   Wall t (s)        (%)
       Time:   427681.159    42768.120     1000.0
                         11h52:48
                 (ns/day)    (hour/ns)
Performance:     2467.534        0.010

GROMACS reminds you: "Before we work on artificial intelligence why don't we do something about natural stupidity?" (Steve Polyak)

                      :-) GROMACS - gmx mdrun, 2024.1 (-:

Executable:   /usr/WS1/mummiusr/mummi-spack-temp/spack/0.21/opt/spack/__spack_path_placeholder__/__spack_path_placeholder__/__spack_path_placeholder__/__spack_path_placeholder__/__spack_path_placeholder__/__spack_path_placeholder__/__spack_path_placeholder__/__spack_pat/linux-rhel7-power9le/gcc-9.3.1/gromacs-2024.1.gpu-yjyukptiakg2s7fu4znqvjqzmhy3qont/bin/gmx
Data prefix:  /usr/WS1/mummiusr/mummi-spack-temp/spack/0.21/opt/spack/__spack_path_placeholder__/__spack_path_placeholder__/__spack_path_placeholder__/__spack_path_placeholder__/__spack_path_placeholder__/__spack_path_placeholder__/__spack_path_placeholder__/__spack_pat/linux-rhel7-power9le/gcc-9.3.1/gromacs-2024.1.gpu-yjyukptiakg2s7fu4znqvjqzmhy3qont
Working dir:  /p/vast1/helgi/ADMIRRAL/mini-mummi/pre-campaign/init_tf50_r1_10210ns
Command line:
  gmx mdrun -cpi -nb gpu -ntmpi 1 -ntomp 10 -pin off -maxh 12

Reading file topol.tpr, VERSION 2024.1 (single precision)
Can not increase nstlist because verlet-buffer-tolerance is not set or used
Update groups can not be used for this system because an incompatible virtual site type is used

1 GPU selected for this run.
Mapping of GPU IDs to the 1 GPU task in the 1 rank on this node:
  PP:0
PP tasks will do (non-perturbed) short-ranged interactions on the GPU
PP task will update and constrain coordinates on the CPU
Using 1 MPI thread
Using 10 OpenMP threads 

starting mdrun 'lipids-sim'
298021519 steps, infinite ps (continuing from step 298021520, 5960430.4 ps).

Step 363953220: Run time exceeded 11.880 hours, will terminate the run within 40 steps

NOTE: 14 % of the run time was spent in pair search,
      you might want to increase nstlist (this has no effect on accuracy)

               Core t (s)   Wall t (s)        (%)
       Time:   427680.878    42768.090     1000.0
                         11h52:48
                 (ns/day)    (hour/ns)
Performance:     2663.902        0.009

GROMACS reminds you: "I had trouble with physics in college. When I signed up I thought it said psychics." (Greg Tamblyn)

                      :-) GROMACS - gmx mdrun, 2024.1 (-:

Executable:   /usr/WS1/mummiusr/mummi-spack-temp/spack/0.21/opt/spack/__spack_path_placeholder__/__spack_path_placeholder__/__spack_path_placeholder__/__spack_path_placeholder__/__spack_path_placeholder__/__spack_path_placeholder__/__spack_path_placeholder__/__spack_pat/linux-rhel7-power9le/gcc-9.3.1/gromacs-2024.1.gpu-yjyukptiakg2s7fu4znqvjqzmhy3qont/bin/gmx
Data prefix:  /usr/WS1/mummiusr/mummi-spack-temp/spack/0.21/opt/spack/__spack_path_placeholder__/__spack_path_placeholder__/__spack_path_placeholder__/__spack_path_placeholder__/__spack_path_placeholder__/__spack_path_placeholder__/__spack_path_placeholder__/__spack_pat/linux-rhel7-power9le/gcc-9.3.1/gromacs-2024.1.gpu-yjyukptiakg2s7fu4znqvjqzmhy3qont
Working dir:  /p/vast1/helgi/ADMIRRAL/mini-mummi/pre-campaign/init_tf50_r1_10210ns
Command line:
  gmx mdrun -cpi -nb gpu -ntmpi 1 -ntomp 10 -pin off -maxh 12

Reading file topol.tpr, VERSION 2024.1 (single precision)
Can not increase nstlist because verlet-buffer-tolerance is not set or used
Update groups can not be used for this system because an incompatible virtual site type is used

1 GPU selected for this run.
Mapping of GPU IDs to the 1 GPU task in the 1 rank on this node:
  PP:0
PP tasks will do (non-perturbed) short-ranged interactions on the GPU
PP task will update and constrain coordinates on the CPU
Using 1 MPI thread
Using 10 OpenMP threads 

starting mdrun 'lipids-sim'
363953239 steps, infinite ps (continuing from step 363953240, 7279064.8 ps).

Step 435503680: Run time exceeded 11.880 hours, will terminate the run within 40 steps

NOTE: 16 % of the run time was spent in pair search,
      you might want to increase nstlist (this has no effect on accuracy)

               Core t (s)   Wall t (s)        (%)
       Time:   427680.707    42768.072     1000.0
                         11h52:48
                 (ns/day)    (hour/ns)
Performance:     2890.923        0.008

GROMACS reminds you: "Those people who think they know everything are a great annoyance to those of us who do." (Isaac Asimov)

                      :-) GROMACS - gmx mdrun, 2024.1 (-:

Executable:   /usr/WS1/mummiusr/mummi-spack-temp/spack/0.21/opt/spack/__spack_path_placeholder__/__spack_path_placeholder__/__spack_path_placeholder__/__spack_path_placeholder__/__spack_path_placeholder__/__spack_path_placeholder__/__spack_path_placeholder__/__spack_pat/linux-rhel7-power9le/gcc-9.3.1/gromacs-2024.1.gpu-yjyukptiakg2s7fu4znqvjqzmhy3qont/bin/gmx
Data prefix:  /usr/WS1/mummiusr/mummi-spack-temp/spack/0.21/opt/spack/__spack_path_placeholder__/__spack_path_placeholder__/__spack_path_placeholder__/__spack_path_placeholder__/__spack_path_placeholder__/__spack_path_placeholder__/__spack_path_placeholder__/__spack_pat/linux-rhel7-power9le/gcc-9.3.1/gromacs-2024.1.gpu-yjyukptiakg2s7fu4znqvjqzmhy3qont
Working dir:  /p/vast1/helgi/ADMIRRAL/mini-mummi/pre-campaign/init_tf50_r1_10210ns
Command line:
  gmx mdrun -cpi -nb gpu -ntmpi 1 -ntomp 10 -pin off -maxh 12

Reading file topol.tpr, VERSION 2024.1 (single precision)
Can not increase nstlist because verlet-buffer-tolerance is not set or used
Update groups can not be used for this system because an incompatible virtual site type is used

1 GPU selected for this run.
Mapping of GPU IDs to the 1 GPU task in the 1 rank on this node:
  PP:0
PP tasks will do (non-perturbed) short-ranged interactions on the GPU
PP task will update and constrain coordinates on the CPU
Using 1 MPI thread
Using 10 OpenMP threads 

starting mdrun 'lipids-sim'
435503699 steps, infinite ps (continuing from step 435503700, 8710074.0 ps).

Step 506980400: Run time exceeded 11.880 hours, will terminate the run within 40 steps

NOTE: 16 % of the run time was spent in pair search,
      you might want to increase nstlist (this has no effect on accuracy)

               Core t (s)   Wall t (s)        (%)
       Time:   427680.760    42768.077     1000.0
                         11h52:48
                 (ns/day)    (hour/ns)
Performance:     2887.943        0.008

GROMACS reminds you: "X-rays will prove to be a hoax." (Lord Kelvin, while president of the Royal Society)

